#
# A fatal error has been detected by the Java Runtime Environment:
#
#  EXCEPTION_ACCESS_VIOLATION (0xc0000005) at pc=0x00007ffcff603370, pid=26236, tid=25180
#
# JRE version: Java(TM) SE Runtime Environment (9.0+11) (build 9.0.4+11)
# Java VM: Java HotSpot(TM) 64-Bit Server VM (9.0.4+11, mixed mode, tiered, compressed oops, g1 gc, windows-amd64)
# Problematic frame:
# C  0x00007ffcff603370
#
# No core dump will be written. Minidumps are not enabled by default on client versions of Windows
#
# If you would like to submit a bug report, please visit:
#   http://bugreport.java.com/bugreport/crash.jsp
# The crash happened outside the Java Virtual Machine in native code.
# See problematic frame for where to report the bug.
#

---------------  S U M M A R Y ------------

Command Line: -Dsun.java2d.pmoffscreen=false -Dsun.java2d.xrender=false -Dsun.java2d.d3d=false -Dsun.awt.nopixfmt=true -Dsun.java2d.dpiaware=true -Dsun.java2d.uiScale.enabled=false -Xverify:none -Dswing.aatext=true -XX:-UsePerfData -Djdk.map.althashing.threshold=512 -XX:StringTableSize=4072 --add-opens=java.base/java.nio=ALL-UNNAMED --add-opens=java.desktop/sun.swing=ALL-UNNAMED --add-opens=java.desktop/javax.swing=ALL-UNNAMED --add-opens=java.desktop/javax.swing.tree=ALL-UNNAMED --add-opens=java.desktop/javax.swing.plaf.basic=ALL-UNNAMED --add-opens=java.desktop/javax.swing.plaf.synth=ALL-UNNAMED --add-opens=java.desktop/com.sun.awt=ALL-UNNAMED -XX:NewSize=60m -XX:MaxNewSize=60m -Xms128m -Xmx3072m -Xss5m 

Host: Intel(R) Core(TM) i7-4790K CPU @ 4.00GHz, 8 cores, 15G,  Windows 10 , 64 bit Build 18362 (10.0.18362.778)
Time: Sun May 10 16:00:27 2020 Egypt Standard Time elapsed time: 117520 seconds (1d 8h 38m 40s)

---------------  T H R E A D  ---------------

Current thread (0x000001ac6a65b800):  JavaThread "AWT-EventQueue-1" [_thread_in_native, id=25180, stack(0x0000009f0f700000,0x0000009f0fc00000)]

Stack: [0x0000009f0f700000,0x0000009f0fc00000],  sp=0x0000009f0fbf3d38,  free space=5071k
Native frames: (J=compiled Java code, j=interpreted, Vv=VM code, C=native code)
C  0x00007ffcff603370

Java frames: (J=compiled Java code, j=interpreted, Vv=VM code)
J 21917  ui.views.waveform.waveformi.WVExecutive_getGraphicsDataSize(J)J (0 bytes) @ 0x000001ac09029421 [0x000001ac090293e0+0x0000000000000041]
J 21916 c1 ui.views.waveform.executive.a.gEt()Ljava/io/ByteArrayInputStream; (93 bytes) @ 0x000001ac02fea5ac [0x000001ac02fea4c0+0x00000000000000ec]
J 21915 c1 ui.views.waveform.b.a.gEf()V (142 bytes) @ 0x000001ac02fe5c34 [0x000001ac02fe5b20+0x0000000000000114]
J 21366 c1 ui.views.waveform.m.cRi()V (28 bytes) @ 0x000001ac01feb10c [0x000001ac01feaf00+0x000000000000020c]
j  ui.views.waveform.w.cRi()V+29
J 29495 c1 ui.views.waveform.c.b.j(Lui/frmwork/b/i;)V (603 bytes) @ 0x000001ac032c313c [0x000001ac032ba3c0+0x0000000000008d7c]
J 27192 c2 ui.views.waveform.w.a(Lui/frmwork/b/i;)V (17 bytes) @ 0x000001ac09382564 [0x000001ac09382520+0x0000000000000044]
J 24299 c2 ui.frmwork.b.l.d(Lui/frmwork/b/i;)V (61 bytes) @ 0x000001ac09349164 [0x000001ac09348f40+0x0000000000000224]
J 23723 c2 ui.frmwork.HTclEventBroker.i(JZ)V (471 bytes) @ 0x000001ac0921fb00 [0x000001ac0921e300+0x0000000000001800]
J 25933 c2 ui.frmwork.HTclEventBroker.fireTclEvent(J)I (113 bytes) @ 0x000001ac0966cbdc [0x000001ac0966c180+0x0000000000000a5c]
v  ~StubRoutines::call_stub
J 23476  ui.views.waveform.waveformi.WVExecutive_processModelEvent(JJ)V (0 bytes) @ 0x000001ac09164624 [0x000001ac091645e0+0x0000000000000044]
J 24294 c1 ui.views.waveform.c.b.eD(J)V (109 bytes) @ 0x000001ac02bc6444 [0x000001ac02bc6300+0x0000000000000144]
J 29495 c1 ui.views.waveform.c.b.j(Lui/frmwork/b/i;)V (603 bytes) @ 0x000001ac032c3e24 [0x000001ac032ba3c0+0x0000000000009a64]
J 27192 c2 ui.views.waveform.w.a(Lui/frmwork/b/i;)V (17 bytes) @ 0x000001ac09382564 [0x000001ac09382520+0x0000000000000044]
J 24299 c2 ui.frmwork.b.l.d(Lui/frmwork/b/i;)V (61 bytes) @ 0x000001ac09349164 [0x000001ac09348f40+0x0000000000000224]
J 23723 c2 ui.frmwork.HTclEventBroker.i(JZ)V (471 bytes) @ 0x000001ac0921fb00 [0x000001ac0921e300+0x0000000000001800]
J 25933 c2 ui.frmwork.HTclEventBroker.fireTclEvent(J)I (113 bytes) @ 0x000001ac0966cbdc [0x000001ac0966c180+0x0000000000000a5c]
v  ~StubRoutines::call_stub
J 23476  ui.views.waveform.waveformi.WVExecutive_processModelEvent(JJ)V (0 bytes) @ 0x000001ac09164624 [0x000001ac091645e0+0x0000000000000044]
J 24294 c1 ui.views.waveform.c.b.eD(J)V (109 bytes) @ 0x000001ac02bc6444 [0x000001ac02bc6300+0x0000000000000144]
j  ui.views.waveform.c.e.actionPerformed(Ljava/awt/event/ActionEvent;)V+8
J 14250 c2 javax.swing.Timer.fireActionPerformed(Ljava/awt/event/ActionEvent;)V java.desktop@9.0.4 (46 bytes) @ 0x000001ac086977d8 [0x000001ac086976c0+0x0000000000000118]
J 14248 c2 javax.swing.Timer$DoPostEvent.run()V java.desktop@9.0.4 (82 bytes) @ 0x000001ac0869446c [0x000001ac08694160+0x000000000000030c]
J 13455 c2 java.awt.EventQueue$3.run()Ljava/lang/Object; java.desktop@9.0.4 (5 bytes) @ 0x000001ac0857ef84 [0x000001ac0857ee80+0x0000000000000104]
v  ~StubRoutines::call_stub
J 4321  java.security.AccessController.doPrivileged(Ljava/security/PrivilegedAction;Ljava/security/AccessControlContext;)Ljava/lang/Object; java.base@9.0.4 (0 bytes) @ 0x000001ac07d61d46 [0x000001ac07d61ce0+0x0000000000000066]
J 13435 c2 ui.frmwork.b.d.dispatchEvent(Ljava/awt/AWTEvent;)V (34 bytes) @ 0x000001ac0856e0a4 [0x000001ac0856da80+0x0000000000000624]
J 21643 c2 java.awt.EventDispatchThread.pumpOneEventForFilters(I)V java.desktop@9.0.4 (218 bytes) @ 0x000001ac08ac3318 [0x000001ac08ac3080+0x0000000000000298]
J 21837 c2 java.awt.EventDispatchThread.pumpEventsForFilter(ILjava/awt/Conditional;Ljava/awt/EventFilter;)V java.desktop@9.0.4 (47 bytes) @ 0x000001ac0901ed0c [0x000001ac0901eb60+0x00000000000001ac]
j  java.awt.EventDispatchThread.pumpEventsForFilter(Ljava/awt/Conditional;Ljava/awt/EventFilter;)V+4 java.desktop@9.0.4
j  java.awt.WaitDispatchSupport$2.run()V+59 java.desktop@9.0.4
j  java.awt.WaitDispatchSupport$4.run()Ljava/lang/Void;+4 java.desktop@9.0.4
j  java.awt.WaitDispatchSupport$4.run()Ljava/lang/Object;+1 java.desktop@9.0.4
v  ~StubRoutines::call_stub
J 1045  java.security.AccessController.doPrivileged(Ljava/security/PrivilegedAction;)Ljava/lang/Object; java.base@9.0.4 (0 bytes) @ 0x000001ac07b39d32 [0x000001ac07b39ce0+0x0000000000000052]
j  java.awt.WaitDispatchSupport.enter()Z+260 java.desktop@9.0.4
j  java.awt.Dialog.show()V+225 java.desktop@9.0.4
J 24107 c1 java.awt.Window.setVisible(Z)V java.desktop@9.0.4 (6 bytes) @ 0x000001ac02461504 [0x000001ac024612e0+0x0000000000000224]
j  java.awt.Dialog.setVisible(Z)V+2 java.desktop@9.0.4
j  ui.b.c.g.setVisible(Z)V+2
j  ui.b.c.by.showDialog()V+64
j  ui.b.c.bF.actionPerformed(Ljava/awt/event/ActionEvent;)V+8
j  ui.b.c.by.cJI()V+396
j  ui.views.c.t.b.a.run()V+60
j  ui.frmwork.a.dWF()Z+66
j  ui.frmwork.V.dYl()V+42
j  ui.bk.actionPerformed(Ljava/awt/event/ActionEvent;)V+25
J 29723 c1 javax.swing.AbstractButton.fireActionPerformed(Ljava/awt/event/ActionEvent;)V java.desktop@9.0.4 (96 bytes) @ 0x000001ac02e3e9ac [0x000001ac02e3e140+0x000000000000086c]
j  ui.utils.o.b.B.fireActionPerformed(Ljava/awt/event/ActionEvent;)V+7
J 29722 c1 javax.swing.AbstractButton$Handler.actionPerformed(Ljava/awt/event/ActionEvent;)V java.desktop@9.0.4 (9 bytes) @ 0x000001ac02b4bec4 [0x000001ac02b4bdc0+0x0000000000000104]
J 29247 c1 javax.swing.DefaultButtonModel.fireActionPerformed(Ljava/awt/event/ActionEvent;)V java.desktop@9.0.4 (46 bytes) @ 0x000001ac01080b14 [0x000001ac01080860+0x00000000000002b4]
J 26101 c1 javax.swing.DefaultButtonModel.setPressed(Z)V java.desktop@9.0.4 (125 bytes) @ 0x000001ac0309ff44 [0x000001ac0309f080+0x0000000000000ec4]
j  javax.swing.plaf.basic.BasicButtonListener.mouseReleased(Ljava/awt/event/MouseEvent;)V+35 java.desktop@9.0.4
j  com.jidesoft.plaf.basic.BasicJideButtonListener.mouseReleased(Ljava/awt/event/MouseEvent;)V+61
J 28060 c2 java.awt.AWTEventMulticaster.mouseReleased(Ljava/awt/event/MouseEvent;)V java.desktop@9.0.4 (27 bytes) @ 0x000001ac09650634 [0x000001ac096505c0+0x0000000000000074]
J 28060 c2 java.awt.AWTEventMulticaster.mouseReleased(Ljava/awt/event/MouseEvent;)V java.desktop@9.0.4 (27 bytes) @ 0x000001ac09650634 [0x000001ac096505c0+0x0000000000000074]
J 28060 c2 java.awt.AWTEventMulticaster.mouseReleased(Ljava/awt/event/MouseEvent;)V java.desktop@9.0.4 (27 bytes) @ 0x000001ac09650634 [0x000001ac096505c0+0x0000000000000074]
J 23787 c2 javax.swing.JComponent.processMouseEvent(Ljava/awt/event/MouseEvent;)V java.desktop@9.0.4 (27 bytes) @ 0x000001ac09250190 [0x000001ac0924ffa0+0x00000000000001f0]
J 27876 c2 java.awt.Container.processEvent(Ljava/awt/AWTEvent;)V java.desktop@9.0.4 (22 bytes) @ 0x000001ac09830498 [0x000001ac09830300+0x0000000000000198]
J 29187 c2 java.awt.Component.dispatchEventImpl(Ljava/awt/AWTEvent;)V java.desktop@9.0.4 (739 bytes) @ 0x000001ac087c2e7c [0x000001ac087c1fc0+0x0000000000000ebc]
J 21660 c2 java.awt.Container.dispatchEventImpl(Ljava/awt/AWTEvent;)V java.desktop@9.0.4 (129 bytes) @ 0x000001ac08fdbc0c [0x000001ac08fdb8e0+0x000000000000032c]
J 21634 c2 java.awt.LightweightDispatcher.retargetMouseEvent(Ljava/awt/Component;ILjava/awt/event/MouseEvent;)V java.desktop@9.0.4 (350 bytes) @ 0x000001ac08afc7c8 [0x000001ac08afc220+0x00000000000005a8]
J 21657 c2 java.awt.LightweightDispatcher.processMouseEvent(Ljava/awt/event/MouseEvent;)Z java.desktop@9.0.4 (265 bytes) @ 0x000001ac08fd9df8 [0x000001ac08fd98c0+0x0000000000000538]
J 21660 c2 java.awt.Container.dispatchEventImpl(Ljava/awt/AWTEvent;)V java.desktop@9.0.4 (129 bytes) @ 0x000001ac08fdbe64 [0x000001ac08fdb8e0+0x0000000000000584]
J 15422 c2 java.awt.Window.dispatchEventImpl(Ljava/awt/AWTEvent;)V java.desktop@9.0.4 (23 bytes) @ 0x000001ac0884680c [0x000001ac088467c0+0x000000000000004c]
J 13455 c2 java.awt.EventQueue$3.run()Ljava/lang/Object; java.desktop@9.0.4 (5 bytes) @ 0x000001ac0857f03c [0x000001ac0857ee80+0x00000000000001bc]
v  ~StubRoutines::call_stub
J 4321  java.security.AccessController.doPrivileged(Ljava/security/PrivilegedAction;Ljava/security/AccessControlContext;)Ljava/lang/Object; java.base@9.0.4 (0 bytes) @ 0x000001ac07d61d46 [0x000001ac07d61ce0+0x0000000000000066]
J 15084 c2 java.awt.EventQueue$4.run()Ljava/lang/Object; java.desktop@9.0.4 (5 bytes) @ 0x000001ac087e9440 [0x000001ac087e91e0+0x0000000000000260]
v  ~StubRoutines::call_stub
J 4321  java.security.AccessController.doPrivileged(Ljava/security/PrivilegedAction;Ljava/security/AccessControlContext;)Ljava/lang/Object; java.base@9.0.4 (0 bytes) @ 0x000001ac07d61d46 [0x000001ac07d61ce0+0x0000000000000066]
J 13435 c2 ui.frmwork.b.d.dispatchEvent(Ljava/awt/AWTEvent;)V (34 bytes) @ 0x000001ac0856decc [0x000001ac0856da80+0x000000000000044c]
J 21643 c2 java.awt.EventDispatchThread.pumpOneEventForFilters(I)V java.desktop@9.0.4 (218 bytes) @ 0x000001ac08ac3318 [0x000001ac08ac3080+0x0000000000000298]
J 16168% c2 java.awt.EventDispatchThread.pumpEventsForFilter(ILjava/awt/Conditional;Ljava/awt/EventFilter;)V java.desktop@9.0.4 (47 bytes) @ 0x000001ac089faf40 [0x000001ac089fae40+0x0000000000000100]
j  java.awt.EventDispatchThread.pumpEventsForHierarchy(ILjava/awt/Conditional;Ljava/awt/Component;)V+11 java.desktop@9.0.4
j  java.awt.EventDispatchThread.pumpEvents(ILjava/awt/Conditional;)V+4 java.desktop@9.0.4
j  java.awt.EventDispatchThread.pumpEvents(Ljava/awt/Conditional;)V+3 java.desktop@9.0.4
j  java.awt.EventDispatchThread.run()V+9 java.desktop@9.0.4
v  ~StubRoutines::call_stub

siginfo: EXCEPTION_ACCESS_VIOLATION (0xc0000005), data execution prevention violation at address 0x00007ffcff603370


Register to memory mapping:

RIP=0x00007ffcff603370 is an unknown value
RAX=0x00007ffcff5a85e0 is an unknown value
RBX=0x0000009f0fbf3ea0 is pointing into the stack for thread: 0x000001ac6a65b800
RCX=0x000001ac2bf89910 is an unknown value
RDX=0x000001ac21ffd6f0 is an unknown value
RSP=0x0000009f0fbf3d38 is pointing into the stack for thread: 0x000001ac6a65b800
RBP=0x0000009f0fbf3e60 is pointing into the stack for thread: 0x000001ac6a65b800
RSI=0x000001ac21ffd6f0 is an unknown value
RDI=0x000001ac2bf89910 is an unknown value
R8 =0x0000009f0fbf3e60 is pointing into the stack for thread: 0x000001ac6a65b800
R9 =0x0000009f0fbf3ea0 is pointing into the stack for thread: 0x000001ac6a65b800
R10=0x000001ac21ffd700 is an unknown value
R11=0x000001ac1da759a0 is an unknown value
R12=0x0000000000000000 is an unknown value
R13=0x0000000000000000 is an unknown value
R14=0x000001ac21ffd6f0 is an unknown value
R15=0x0000000000000001 is an unknown value


Registers:
RAX=0x00007ffcff5a85e0, RBX=0x0000009f0fbf3ea0, RCX=0x000001ac2bf89910, RDX=0x000001ac21ffd6f0
RSP=0x0000009f0fbf3d38, RBP=0x0000009f0fbf3e60, RSI=0x000001ac21ffd6f0, RDI=0x000001ac2bf89910
R8 =0x0000009f0fbf3e60, R9 =0x0000009f0fbf3ea0, R10=0x000001ac21ffd700, R11=0x000001ac1da759a0
R12=0x0000000000000000, R13=0x0000000000000000, R14=0x000001ac21ffd6f0, R15=0x0000000000000001
RIP=0x00007ffcff603370, EFLAGS=0x0000000000010202

Top of Stack: (sp=0x0000009f0fbf3d38)
0x0000009f0fbf3d38:   00007ffcff2deedc 0000010200000000
0x0000009f0fbf3d48:   000001ac61dda440 0000010200000100
0x0000009f0fbf3d58:   000001ac61dd0000 000001ac61dd02a4
0x0000009f0fbf3d68:   0000009f0fbf3ea0 0000009f0fbf3e60
0x0000009f0fbf3d78:   000001ac21ffd6f0 fffffffffffffffe
0x0000009f0fbf3d88:   0000000000000000 0000000000000008
0x0000009f0fbf3d98:   0000000000000000 0000000000000000
0x0000009f0fbf3da8:   0000000000000001 0000000000000010
0x0000009f0fbf3db8:   0000009f0fbf3e79 000001ac61cd0000
0x0000009f0fbf3dc8:   00007ffd9ea3b997 000001ac61dd0000
0x0000009f0fbf3dd8:   0000010200000006 0000000000000008
0x0000009f0fbf3de8:   0000000700000000 0000562d15e037dc
0x0000009f0fbf3df8:   0000000710defd40 000001ac1da759a0
0x0000009f0fbf3e08:   0000009f0fbf3f78 000001ac21ccc290
0x0000009f0fbf3e18:   0000009f0fbf3ea9 0000009f0fbf3f60
0x0000009f0fbf3e28:   00007ffcff2d5fc7 000000000000004f 

Instructions: (pc=0x00007ffcff603370)
0x00007ffcff603350:   00 00 00 00 ff ff ff ff 00 00 00 00 40 00 00 00
0x00007ffcff603360:   20 33 45 00 00 00 00 00 00 00 00 00 00 00 00 00
0x00007ffcff603370:   01 00 00 00 00 00 00 00 00 00 00 00 10 8a 58 00
0x00007ffcff603380:   98 33 45 00 70 33 45 00 00 00 00 00 00 00 00 00 



---------------  P R O C E S S  ---------------

Java Threads: ( => current thread )
  0x000001ac25dc2000 JavaThread "Relaunch Simulation" [_thread_blocked, id=28936, stack(0x0000009f12600000,0x0000009f12b00000)]
  0x000001ac1ec58800 JavaThread "SyntheticaAnimation 50" daemon [_thread_blocked, id=6456, stack(0x0000009f0fc00000,0x0000009f10100000)]
  0x000001ac1ec54000 JavaThread "Image Animator 0" daemon [_thread_blocked, id=26472, stack(0x0000009f13f00000,0x0000009f14400000)]
  0x000001ac1ade6000 JavaThread "SyntheticaAnimation 50" daemon [_thread_blocked, id=26488, stack(0x0000009f13500000,0x0000009f13a00000)]
  0x000001ac1ade9000 JavaThread "Update Runs Swing Worker" [_thread_blocked, id=19528, stack(0x0000009f13000000,0x0000009f13500000)]
  0x000001ac1ade9800 JavaThread "hw_ila_monitor" [_thread_blocked, id=22360, stack(0x0000009f12100000,0x0000009f12600000)]
  0x000001ac68aa3000 JavaThread "Refresh Filesets Swing Worker" [_thread_blocked, id=25624, stack(0x0000009f11200000,0x0000009f11700000)]
  0x000001ac68aa1800 JavaThread "SyntheticaAnimation 70" daemon [_thread_blocked, id=3272, stack(0x0000009f11c00000,0x0000009f12100000)]
  0x000001ac68a9c800 JavaThread "SyntheticaAnimation 25" daemon [_thread_blocked, id=26404, stack(0x0000009f0e800000,0x0000009f0ed00000)]
  0x000001ac68a9f800 JavaThread "SyntheticaAnimation 50" daemon [_thread_blocked, id=12064, stack(0x0000009f10d00000,0x0000009f11200000)]
  0x000001ac68aa2800 JavaThread "Monitor HEventQueue" [_thread_blocked, id=8820, stack(0x0000009f10800000,0x0000009f10d00000)]
  0x000001ac68aa1000 JavaThread "SyntheticaCleanerThread" daemon [_thread_blocked, id=26280, stack(0x0000009f10100000,0x0000009f10600000)]
  0x000001ac68aa0000 JavaThread "Batik CleanerThread" daemon [_thread_blocked, id=15532, stack(0x0000009f0d800000,0x0000009f0dd00000)]
=>0x000001ac6a65b800 JavaThread "AWT-EventQueue-1" [_thread_in_native, id=25180, stack(0x0000009f0f700000,0x0000009f0fc00000)]
  0x000001ac68e3d000 JavaThread "AWT-Shutdown" [_thread_blocked, id=25820, stack(0x0000009f0f200000,0x0000009f0f700000)]
  0x000001ac68e3c800 JavaThread "Process Messages" [_thread_blocked, id=25840, stack(0x0000009f0ed00000,0x0000009f0f200000)]
  0x000001ac6a65f000 JavaThread "Thread-1" [_thread_in_native, id=11868, stack(0x0000009f07f00000,0x0000009f09300000)]
  0x000001ac68d90000 JavaThread "TimerQueue" daemon [_thread_blocked, id=18180, stack(0x0000009f0e300000,0x0000009f0e800000)]
  0x000001ac68df9000 JavaThread "AWT-Windows" daemon [_thread_in_native, id=12856, stack(0x0000009f0dd00000,0x0000009f0e200000)]
  0x000001ac68c1b000 JavaThread "Java2D Disposer" daemon [_thread_blocked, id=18472, stack(0x0000009f0d300000,0x0000009f0d800000)]
  0x000001ac68e9f800 JavaThread "Service Thread" daemon [_thread_blocked, id=13464, stack(0x0000009f0cd00000,0x0000009f0d200000)]
  0x000001ac6f186000 JavaThread "Common-Cleaner" daemon [_thread_blocked, id=20372, stack(0x0000009f0c800000,0x0000009f0cd00000)]
  0x000001ac68a9e800 JavaThread "Sweeper thread" daemon [_thread_blocked, id=21036, stack(0x0000009f0c300000,0x0000009f0c800000)]
  0x000001ac6f185000 JavaThread "C1 CompilerThread3" daemon [_thread_blocked, id=15944, stack(0x0000009f0c200000,0x0000009f0c300000)]
  0x000001ac6f184800 JavaThread "C2 CompilerThread2" daemon [_thread_blocked, id=18340, stack(0x0000009f0c100000,0x0000009f0c200000)]
  0x000001ac6bf7f000 JavaThread "C2 CompilerThread1" daemon [_thread_blocked, id=9404, stack(0x0000009f0c000000,0x0000009f0c100000)]
  0x000001ac6bf7e800 JavaThread "C2 CompilerThread0" daemon [_thread_blocked, id=14396, stack(0x0000009f0bf00000,0x0000009f0c000000)]
  0x000001ac652f3800 JavaThread "Attach Listener" daemon [_thread_blocked, id=12220, stack(0x0000009f0ba00000,0x0000009f0bf00000)]
  0x000001ac652f3000 JavaThread "Signal Dispatcher" daemon [_thread_blocked, id=11224, stack(0x0000009f0b500000,0x0000009f0ba00000)]
  0x000001ac64537800 JavaThread "Finalizer" daemon [_thread_blocked, id=18316, stack(0x0000009f0b000000,0x0000009f0b500000)]
  0x000001ac6bda7000 JavaThread "Reference Handler" daemon [_thread_blocked, id=19548, stack(0x0000009f0ab00000,0x0000009f0b000000)]
  0x000001ac6c8f3800 JavaThread "main" [_thread_blocked, id=19308, stack(0x0000009f09500000,0x0000009f09600000)]

Other Threads:
  0x000001ac6f1be000 VMThread "VM Thread" [stack: 0x0000009f0aa00000,0x0000009f0ab00000] [id=2672]
  0x000001ac6d1d4000 WatcherThread [stack: 0x0000009f0d200000,0x0000009f0d300000] [id=26432]
  0x000001ac6d6c5800 GCTaskThread "GC Thread#0" [stack: 0x0000009f09600000,0x0000009f09700000] [id=25664]
  0x000001ac6d1f6800 GCTaskThread "GC Thread#1" [stack: 0x0000009f09700000,0x0000009f09800000] [id=24100]
  0x000001ac6d27d800 GCTaskThread "GC Thread#2" [stack: 0x0000009f09800000,0x0000009f09900000] [id=12356]
  0x000001ac6c00c800 GCTaskThread "GC Thread#3" [stack: 0x0000009f09900000,0x0000009f09a00000] [id=25636]
  0x000001ac6b8af000 GCTaskThread "GC Thread#4" [stack: 0x0000009f09a00000,0x0000009f09b00000] [id=25660]
  0x000001ac67d9c000 GCTaskThread "GC Thread#5" [stack: 0x0000009f09b00000,0x0000009f09c00000] [id=24068]
  0x000001ac6f3d2000 GCTaskThread "GC Thread#6" [stack: 0x0000009f09c00000,0x0000009f09d00000] [id=8808]
  0x000001ac6f3d2800 GCTaskThread "GC Thread#7" [stack: 0x0000009f09d00000,0x0000009f09e00000] [id=9468]
  0x000001ac6c8ea800 ConcurrentGCThread "G1 Main Marker" [stack: 0x0000009f0a700000,0x0000009f0a800000] [id=22808]
  0x000001ac6c8eb000 ConcurrentGCThread "G1 Marker#0" [stack: 0x0000009f0a800000,0x0000009f0a900000] [id=9852]
  0x000001ac6d1d3800 ConcurrentGCThread "G1 Marker#1" [stack: 0x0000009f0a900000,0x0000009f0aa00000] [id=19180]
  0x000001ac677fc000 ConcurrentGCThread "G1 Refine#0" [stack: 0x0000009f0a500000,0x0000009f0a600000] [id=20692]
  0x000001ac677fb800 ConcurrentGCThread "G1 Refine#1" [stack: 0x0000009f0a400000,0x0000009f0a500000] [id=12348]
  0x000001ac6bc43000 ConcurrentGCThread "G1 Refine#2" [stack: 0x0000009f0a300000,0x0000009f0a400000] [id=26172]
  0x000001ac6bc42800 ConcurrentGCThread "G1 Refine#3" [stack: 0x0000009f0a200000,0x0000009f0a300000] [id=26480]
  0x000001ac6c211000 ConcurrentGCThread "G1 Refine#4" [stack: 0x0000009f0a100000,0x0000009f0a200000] [id=580]
  0x000001ac6c210800 ConcurrentGCThread "G1 Refine#5" [stack: 0x0000009f0a000000,0x0000009f0a100000] [id=26312]
  0x000001ac6c860800 ConcurrentGCThread "G1 Refine#6" [stack: 0x0000009f09f00000,0x0000009f0a000000] [id=16508]
  0x000001ac6d237800 ConcurrentGCThread "G1 Refine#7" [stack: 0x0000009f09e00000,0x0000009f09f00000] [id=26308]
  0x000001ac6f105800 ConcurrentGCThread "G1 Young RemSet Sampling" [stack: 0x0000009f0a600000,0x0000009f0a700000] [id=3060]

Threads with active compile tasks:

VM state:not at safepoint (normal execution)

VM Mutex/Monitor currently owned by a thread: None

Heap address: 0x0000000700000000, size: 3072 MB, Compressed Oops mode: Zero based, Oop shift amount: 3
Narrow klass base: 0x0000000000000000, Narrow klass shift: 3
Compressed class space size: 1073741824 Address: 0x00000007c0000000

Heap:
 garbage-first heap   total 305152K, used 130359K [0x0000000700000000, 0x0000000700100950, 0x00000007c0000000)
  region size 1024K, 33 young (33792K), 1 survivors (1024K)
 Metaspace       used 85830K, capacity 87963K, committed 94972K, reserved 1132544K
  class space    used 10899K, capacity 11352K, committed 12796K, reserved 1048576K
Heap Regions: E=young(eden), S=young(survivor), O=old, HS=humongous(starts), HC=humongous(continues), CS=collection set, F=free, A=archive, TS=gc time stamp, AC=allocation context, TAMS=top-at-mark-start (previous, next)
|   0|0x0000000700000000, 0x00000007000fcd60, 0x0000000700100000| 98%| O|  |TS  0|AC  0|TAMS 0x0000000700000000, 0x0000000700000000|
|   1|0x0000000700100000, 0x0000000700200000, 0x0000000700200000|100%|HS|  |TS  0|AC  0|TAMS 0x0000000700100000, 0x0000000700100000|
|   2|0x0000000700200000, 0x0000000700300000, 0x0000000700300000|100%|HC|  |TS  0|AC  0|TAMS 0x0000000700200000, 0x0000000700200000|
|   3|0x0000000700300000, 0x0000000700400000, 0x0000000700400000|100%|HS|  |TS  0|AC  0|TAMS 0x0000000700300000, 0x0000000700300000|
|   4|0x0000000700400000, 0x00000007004f45a8, 0x0000000700500000| 95%| O|  |TS  0|AC  0|TAMS 0x0000000700400000, 0x0000000700400000|
|   5|0x0000000700500000, 0x00000007005ffff0, 0x0000000700600000| 99%| O|  |TS  0|AC  0|TAMS 0x0000000700500000, 0x0000000700500000|
|   6|0x0000000700600000, 0x00000007006ffff8, 0x0000000700700000| 99%| O|  |TS  0|AC  0|TAMS 0x0000000700600000, 0x0000000700600000|
|   7|0x0000000700700000, 0x0000000700800000, 0x0000000700800000|100%| O|  |TS  0|AC  0|TAMS 0x0000000700700000, 0x0000000700700000|
|   8|0x0000000700800000, 0x00000007008ffff8, 0x0000000700900000| 99%| O|  |TS  0|AC  0|TAMS 0x0000000700800000, 0x0000000700800000|
|   9|0x0000000700900000, 0x00000007009ff220, 0x0000000700a00000| 99%| O|  |TS  0|AC  0|TAMS 0x0000000700900000, 0x0000000700900000|
|  10|0x0000000700a00000, 0x0000000700affff8, 0x0000000700b00000| 99%| O|  |TS  0|AC  0|TAMS 0x0000000700a00000, 0x0000000700a00000|
|  11|0x0000000700b00000, 0x0000000700bc0350, 0x0000000700c00000| 75%| O|  |TS  0|AC  0|TAMS 0x0000000700b00000, 0x0000000700b00000|
|  12|0x0000000700c00000, 0x0000000700cffb98, 0x0000000700d00000| 99%| O|  |TS  0|AC  0|TAMS 0x0000000700c00000, 0x0000000700c00000|
|  13|0x0000000700d00000, 0x0000000700dde5b0, 0x0000000700e00000| 86%| O|  |TS  0|AC  0|TAMS 0x0000000700d00000, 0x0000000700d00000|
|  14|0x0000000700e00000, 0x0000000700ef7b88, 0x0000000700f00000| 96%| O|  |TS  0|AC  0|TAMS 0x0000000700e00000, 0x0000000700e00000|
|  15|0x0000000700f00000, 0x0000000700fffeb8, 0x0000000701000000| 99%| O|  |TS  0|AC  0|TAMS 0x0000000700f00000, 0x0000000700f00000|
|  16|0x0000000701000000, 0x00000007010d2a18, 0x0000000701100000| 82%| O|  |TS  0|AC  0|TAMS 0x0000000701000000, 0x0000000701000000|
|  17|0x0000000701100000, 0x00000007011ffff8, 0x0000000701200000| 99%| O|  |TS  0|AC  0|TAMS 0x0000000701100000, 0x0000000701100000|
|  18|0x0000000701200000, 0x0000000701300000, 0x0000000701300000|100%| O|  |TS  0|AC  0|TAMS 0x0000000701200000, 0x0000000701200000|
|  19|0x0000000701300000, 0x00000007013ffff8, 0x0000000701400000| 99%| O|  |TS  0|AC  0|TAMS 0x0000000701300000, 0x0000000701300000|
|  20|0x0000000701400000, 0x00000007014ffff8, 0x0000000701500000| 99%| O|  |TS  0|AC  0|TAMS 0x0000000701400000, 0x0000000701400000|
|  21|0x0000000701500000, 0x00000007015ffff0, 0x0000000701600000| 99%| O|  |TS  0|AC  0|TAMS 0x0000000701500000, 0x0000000701500000|
|  22|0x0000000701600000, 0x00000007016ffff0, 0x0000000701700000| 99%| O|  |TS  0|AC  0|TAMS 0x0000000701600000, 0x0000000701600000|
|  23|0x0000000701700000, 0x0000000701800000, 0x0000000701800000|100%| O|  |TS  0|AC  0|TAMS 0x0000000701700000, 0x0000000701700000|
|  24|0x0000000701800000, 0x00000007018ffe38, 0x0000000701900000| 99%| O|  |TS  0|AC  0|TAMS 0x0000000701800000, 0x0000000701800000|
|  25|0x0000000701900000, 0x00000007019ffe30, 0x0000000701a00000| 99%| O|  |TS  0|AC  0|TAMS 0x0000000701900000, 0x0000000701900000|
|  26|0x0000000701a00000, 0x0000000701affe60, 0x0000000701b00000| 99%| O|  |TS  0|AC  0|TAMS 0x0000000701a00000, 0x0000000701a00000|
|  27|0x0000000701b00000, 0x0000000701bffff8, 0x0000000701c00000| 99%| O|  |TS  0|AC  0|TAMS 0x0000000701b00000, 0x0000000701b00000|
|  28|0x0000000701c00000, 0x0000000701cfff40, 0x0000000701d00000| 99%| O|  |TS  0|AC  0|TAMS 0x0000000701c00000, 0x0000000701c00000|
|  29|0x0000000701d00000, 0x0000000701dffff8, 0x0000000701e00000| 99%| O|  |TS  0|AC  0|TAMS 0x0000000701d00000, 0x0000000701d00000|
|  30|0x0000000701e00000, 0x0000000701f00000, 0x0000000701f00000|100%| O|  |TS  0|AC  0|TAMS 0x0000000701e00000, 0x0000000701e00000|
|  31|0x0000000701f00000, 0x0000000701fffff8, 0x0000000702000000| 99%| O|  |TS  0|AC  0|TAMS 0x0000000701f00000, 0x0000000701f00000|
|  32|0x0000000702000000, 0x00000007020dbbc0, 0x0000000702100000| 85%| O|  |TS  0|AC  0|TAMS 0x0000000702000000, 0x0000000702000000|
|  33|0x0000000702100000, 0x00000007021fffe8, 0x0000000702200000| 99%| O|  |TS  0|AC  0|TAMS 0x0000000702100000, 0x0000000702100000|
|  34|0x0000000702200000, 0x00000007022ffff0, 0x0000000702300000| 99%| O|  |TS  0|AC  0|TAMS 0x0000000702200000, 0x0000000702200000|
|  35|0x0000000702300000, 0x0000000702400000, 0x0000000702400000|100%| O|  |TS  0|AC  0|TAMS 0x0000000702300000, 0x0000000702300000|
|  36|0x0000000702400000, 0x0000000702500000, 0x0000000702500000|100%| O|  |TS  0|AC  0|TAMS 0x0000000702400000, 0x0000000702400000|
|  37|0x0000000702500000, 0x00000007025ffff8, 0x0000000702600000| 99%| O|  |TS  0|AC  0|TAMS 0x0000000702500000, 0x0000000702500000|
|  38|0x0000000702600000, 0x00000007026ffee0, 0x0000000702700000| 99%| O|  |TS  0|AC  0|TAMS 0x0000000702600000, 0x0000000702600000|
|  39|0x0000000702700000, 0x00000007027fffe8, 0x0000000702800000| 99%| O|  |TS  0|AC  0|TAMS 0x0000000702700000, 0x0000000702700000|
|  40|0x0000000702800000, 0x0000000702900000, 0x0000000702900000|100%| O|  |TS  0|AC  0|TAMS 0x0000000702800000, 0x0000000702800000|
|  41|0x0000000702900000, 0x00000007029fffb8, 0x0000000702a00000| 99%| O|  |TS  0|AC  0|TAMS 0x0000000702900000, 0x0000000702900000|
|  42|0x0000000702a00000, 0x0000000702affff0, 0x0000000702b00000| 99%| O|  |TS  0|AC  0|TAMS 0x0000000702a00000, 0x0000000702a00000|
|  43|0x0000000702b00000, 0x0000000702bff220, 0x0000000702c00000| 99%| O|  |TS  0|AC  0|TAMS 0x0000000702b00000, 0x0000000702b00000|
|  44|0x0000000702c00000, 0x0000000702cff6f0, 0x0000000702d00000| 99%| O|  |TS  0|AC  0|TAMS 0x0000000702c00000, 0x0000000702c00000|
|  45|0x0000000702d00000, 0x0000000702dfff88, 0x0000000702e00000| 99%| O|  |TS  0|AC  0|TAMS 0x0000000702d00000, 0x0000000702d00000|
|  46|0x0000000702e00000, 0x0000000702efee80, 0x0000000702f00000| 99%| O|  |TS  0|AC  0|TAMS 0x0000000702e00000, 0x0000000702e00000|
|  47|0x0000000702f00000, 0x0000000702ffffd8, 0x0000000703000000| 99%| O|  |TS  0|AC  0|TAMS 0x0000000702f00000, 0x0000000702f00000|
|  48|0x0000000703000000, 0x00000007030fffe8, 0x0000000703100000| 99%| O|  |TS  0|AC  0|TAMS 0x0000000703000000, 0x0000000703000000|
|  49|0x0000000703100000, 0x00000007031ffff8, 0x0000000703200000| 99%| O|  |TS  0|AC  0|TAMS 0x0000000703100000, 0x0000000703100000|
|  50|0x0000000703200000, 0x00000007032e4820, 0x0000000703300000| 89%| O|  |TS  0|AC  0|TAMS 0x0000000703200000, 0x0000000703200000|
|  51|0x0000000703300000, 0x00000007033fffe0, 0x0000000703400000| 99%| O|  |TS  0|AC  0|TAMS 0x0000000703300000, 0x0000000703300000|
|  52|0x0000000703400000, 0x00000007034fffe8, 0x0000000703500000| 99%| O|  |TS  0|AC  0|TAMS 0x0000000703400000, 0x0000000703400000|
|  53|0x0000000703500000, 0x00000007035ee198, 0x0000000703600000| 93%| O|  |TS  0|AC  0|TAMS 0x0000000703500000, 0x0000000703500000|
|  54|0x0000000703600000, 0x00000007036fea70, 0x0000000703700000| 99%| O|  |TS  0|AC  0|TAMS 0x0000000703600000, 0x0000000703600000|
|  55|0x0000000703700000, 0x0000000703800000, 0x0000000703800000|100%| O|  |TS  0|AC  0|TAMS 0x0000000703700000, 0x0000000703700000|
|  56|0x0000000703800000, 0x00000007038ffff8, 0x0000000703900000| 99%| O|  |TS  0|AC  0|TAMS 0x0000000703800000, 0x0000000703800000|
|  57|0x0000000703900000, 0x00000007039ffff8, 0x0000000703a00000| 99%| O|  |TS  0|AC  0|TAMS 0x0000000703900000, 0x0000000703900000|
|  58|0x0000000703a00000, 0x0000000703affff8, 0x0000000703b00000| 99%| O|  |TS  0|AC  0|TAMS 0x0000000703a00000, 0x0000000703a00000|
|  59|0x0000000703b00000, 0x0000000703bff690, 0x0000000703c00000| 99%| O|  |TS  0|AC  0|TAMS 0x0000000703b00000, 0x0000000703b00000|
|  60|0x0000000703c00000, 0x0000000703cffff8, 0x0000000703d00000| 99%| O|  |TS  0|AC  0|TAMS 0x0000000703c00000, 0x0000000703c00000|
|  61|0x0000000703d00000, 0x0000000703e00000, 0x0000000703e00000|100%|HS|  |TS  0|AC  0|TAMS 0x0000000703d00000, 0x0000000703d00000|
|  62|0x0000000703e00000, 0x0000000703effff8, 0x0000000703f00000| 99%| O|  |TS  0|AC  0|TAMS 0x0000000703e00000, 0x0000000703e00000|
|  63|0x0000000703f00000, 0x0000000703fff250, 0x0000000704000000| 99%| O|  |TS  0|AC  0|TAMS 0x0000000703f00000, 0x0000000703f00000|
|  64|0x0000000704000000, 0x00000007040fffe0, 0x0000000704100000| 99%| O|  |TS  0|AC  0|TAMS 0x0000000704000000, 0x0000000704000000|
|  65|0x0000000704100000, 0x00000007041ffff8, 0x0000000704200000| 99%| O|  |TS  0|AC  0|TAMS 0x0000000704100000, 0x0000000704100000|
|  66|0x0000000704200000, 0x00000007042ffff8, 0x0000000704300000| 99%| O|  |TS  0|AC  0|TAMS 0x0000000704200000, 0x0000000704200000|
|  67|0x0000000704300000, 0x00000007043ffff8, 0x0000000704400000| 99%| O|  |TS  0|AC  0|TAMS 0x0000000704300000, 0x0000000704300000|
|  68|0x0000000704400000, 0x00000007044fffe8, 0x0000000704500000| 99%| O|  |TS  0|AC  0|TAMS 0x0000000704400000, 0x0000000704400000|
|  69|0x0000000704500000, 0x0000000704600000, 0x0000000704600000|100%|HS|  |TS  0|AC  0|TAMS 0x0000000704500000, 0x0000000704500000|
|  70|0x0000000704600000, 0x0000000704700000, 0x0000000704700000|100%|HC|  |TS  0|AC  0|TAMS 0x0000000704600000, 0x0000000704600000|
|  71|0x0000000704700000, 0x0000000704800000, 0x0000000704800000|100%|HC|  |TS  0|AC  0|TAMS 0x0000000704700000, 0x0000000704700000|
|  72|0x0000000704800000, 0x0000000704900000, 0x0000000704900000|100%|HC|  |TS  0|AC  0|TAMS 0x0000000704800000, 0x0000000704800000|
|  73|0x0000000704900000, 0x0000000704a00000, 0x0000000704a00000|100%|HC|  |TS  0|AC  0|TAMS 0x0000000704900000, 0x0000000704900000|
|  74|0x0000000704a00000, 0x0000000704b00000, 0x0000000704b00000|100%|HC|  |TS  0|AC  0|TAMS 0x0000000704a00000, 0x0000000704a00000|
|  75|0x0000000704b00000, 0x0000000704c00000, 0x0000000704c00000|100%|HC|  |TS  0|AC  0|TAMS 0x0000000704b00000, 0x0000000704b00000|
|  76|0x0000000704c00000, 0x0000000704d00000, 0x0000000704d00000|100%|HC|  |TS  0|AC  0|TAMS 0x0000000704c00000, 0x0000000704c00000|
|  77|0x0000000704d00000, 0x0000000704dfffc8, 0x0000000704e00000| 99%| O|  |TS  0|AC  0|TAMS 0x0000000704d00000, 0x0000000704d00000|
|  78|0x0000000704e00000, 0x0000000704efffd8, 0x0000000704f00000| 99%| O|  |TS  0|AC  0|TAMS 0x0000000704e00000, 0x0000000704e00000|
|  79|0x0000000704f00000, 0x0000000704fffff0, 0x0000000705000000| 99%| O|  |TS  0|AC  0|TAMS 0x0000000704f00000, 0x0000000704f00000|
|  80|0x0000000705000000, 0x0000000705100000, 0x0000000705100000|100%| O|  |TS  0|AC  0|TAMS 0x0000000705000000, 0x0000000705000000|
|  81|0x0000000705100000, 0x00000007051ff4e0, 0x0000000705200000| 99%| O|  |TS  0|AC  0|TAMS 0x0000000705100000, 0x0000000705100000|
|  82|0x0000000705200000, 0x0000000705300000, 0x0000000705300000|100%| O|  |TS  0|AC  0|TAMS 0x0000000705200000, 0x0000000705200000|
|  83|0x0000000705300000, 0x00000007053ffff8, 0x0000000705400000| 99%| O|  |TS  0|AC  0|TAMS 0x0000000705300000, 0x0000000705300000|
|  84|0x0000000705400000, 0x00000007054fffd8, 0x0000000705500000| 99%| O|  |TS  0|AC  0|TAMS 0x0000000705400000, 0x0000000705400000|
|  85|0x0000000705500000, 0x0000000705600000, 0x0000000705600000|100%| O|  |TS  0|AC  0|TAMS 0x0000000705500000, 0x0000000705500000|
|  86|0x0000000705600000, 0x0000000705700000, 0x0000000705700000|100%| O|  |TS  0|AC  0|TAMS 0x0000000705600000, 0x0000000705600000|
|  87|0x0000000705700000, 0x00000007057fff30, 0x0000000705800000| 99%| O|  |TS  0|AC  0|TAMS 0x0000000705700000, 0x0000000705700000|
|  88|0x0000000705800000, 0x00000007058fff30, 0x0000000705900000| 99%| O|  |TS  0|AC  0|TAMS 0x0000000705800000, 0x0000000705800000|
|  89|0x0000000705900000, 0x0000000705a00000, 0x0000000705a00000|100%| O|  |TS  0|AC  0|TAMS 0x0000000705900000, 0x0000000705900000|
|  90|0x0000000705a00000, 0x0000000705affff8, 0x0000000705b00000| 99%| O|  |TS  0|AC  0|TAMS 0x0000000705a00000, 0x0000000705a00000|
|  91|0x0000000705b00000, 0x0000000705bffeb8, 0x0000000705c00000| 99%| O|  |TS  0|AC  0|TAMS 0x0000000705b00000, 0x0000000705b00000|
|  92|0x0000000705c00000, 0x0000000705cffff8, 0x0000000705d00000| 99%| O|  |TS  0|AC  0|TAMS 0x0000000705c00000, 0x0000000705c00000|
|  93|0x0000000705d00000, 0x0000000705e00000, 0x0000000705e00000|100%| O|  |TS  0|AC  0|TAMS 0x0000000705d00000, 0x0000000705d00000|
|  94|0x0000000705e00000, 0x0000000705e68a90, 0x0000000705f00000| 40%| O|  |TS  0|AC  0|TAMS 0x0000000705e00000, 0x0000000705e00000|
|  95|0x0000000705f00000, 0x0000000706000000, 0x0000000706000000|100%|HS|  |TS  0|AC  0|TAMS 0x0000000705f00000, 0x0000000705f00000|
|  96|0x0000000706000000, 0x0000000706000000, 0x0000000706100000|  0%| F|  |TS  0|AC  0|TAMS 0x0000000706000000, 0x0000000706000000|
|  97|0x0000000706100000, 0x0000000706100000, 0x0000000706200000|  0%| F|  |TS  0|AC  0|TAMS 0x0000000706100000, 0x0000000706100000|
|  98|0x0000000706200000, 0x0000000706300000, 0x0000000706300000|100%|HS|  |TS  0|AC  0|TAMS 0x0000000706200000, 0x0000000706200000|
|  99|0x0000000706300000, 0x0000000706300000, 0x0000000706400000|  0%| F|  |TS  0|AC  0|TAMS 0x0000000706300000, 0x0000000706300000|
| 100|0x0000000706400000, 0x0000000706400000, 0x0000000706500000|  0%| F|  |TS  0|AC  0|TAMS 0x0000000706400000, 0x0000000706400000|
| 101|0x0000000706500000, 0x0000000706500000, 0x0000000706600000|  0%| F|  |TS  0|AC  0|TAMS 0x0000000706500000, 0x0000000706500000|
| 102|0x0000000706600000, 0x0000000706600000, 0x0000000706700000|  0%| F|  |TS  0|AC  0|TAMS 0x0000000706600000, 0x0000000706600000|
| 103|0x0000000706700000, 0x0000000706700000, 0x0000000706800000|  0%| F|  |TS  0|AC  0|TAMS 0x0000000706700000, 0x0000000706700000|
| 104|0x0000000706800000, 0x0000000706800000, 0x0000000706900000|  0%| F|  |TS  0|AC  0|TAMS 0x0000000706800000, 0x0000000706800000|
| 105|0x0000000706900000, 0x0000000706900000, 0x0000000706a00000|  0%| F|  |TS  0|AC  0|TAMS 0x0000000706900000, 0x0000000706900000|
| 106|0x0000000706a00000, 0x0000000706a00000, 0x0000000706b00000|  0%| F|  |TS  0|AC  0|TAMS 0x0000000706a00000, 0x0000000706a00000|
| 107|0x0000000706b00000, 0x0000000706b00000, 0x0000000706c00000|  0%| F|  |TS  0|AC  0|TAMS 0x0000000706b00000, 0x0000000706b00000|
| 108|0x0000000706c00000, 0x0000000706c00000, 0x0000000706d00000|  0%| F|  |TS  0|AC  0|TAMS 0x0000000706c00000, 0x0000000706c00000|
| 109|0x0000000706d00000, 0x0000000706d00000, 0x0000000706e00000|  0%| F|  |TS  0|AC  0|TAMS 0x0000000706d00000, 0x0000000706d00000|
| 110|0x0000000706e00000, 0x0000000706e00000, 0x0000000706f00000|  0%| F|  |TS  0|AC  0|TAMS 0x0000000706e00000, 0x0000000706e00000|
| 111|0x0000000706f00000, 0x0000000706f00000, 0x0000000707000000|  0%| F|  |TS  0|AC  0|TAMS 0x0000000706f00000, 0x0000000706f00000|
| 112|0x0000000707000000, 0x0000000707000000, 0x0000000707100000|  0%| F|  |TS  0|AC  0|TAMS 0x0000000707000000, 0x0000000707000000|
| 113|0x0000000707100000, 0x0000000707100000, 0x0000000707200000|  0%| F|  |TS  0|AC  0|TAMS 0x0000000707100000, 0x0000000707100000|
| 114|0x0000000707200000, 0x0000000707200000, 0x0000000707300000|  0%| F|  |TS  0|AC  0|TAMS 0x0000000707200000, 0x0000000707200000|
| 115|0x0000000707300000, 0x0000000707300000, 0x0000000707400000|  0%| F|  |TS  0|AC  0|TAMS 0x0000000707300000, 0x0000000707300000|
| 116|0x0000000707400000, 0x0000000707400000, 0x0000000707500000|  0%| F|  |TS  0|AC  0|TAMS 0x0000000707400000, 0x0000000707400000|
| 117|0x0000000707500000, 0x0000000707500000, 0x0000000707600000|  0%| F|  |TS  0|AC  0|TAMS 0x0000000707500000, 0x0000000707500000|
| 118|0x0000000707600000, 0x0000000707600000, 0x0000000707700000|  0%| F|  |TS  0|AC  0|TAMS 0x0000000707600000, 0x0000000707600000|
| 119|0x0000000707700000, 0x0000000707700000, 0x0000000707800000|  0%| F|  |TS  0|AC  0|TAMS 0x0000000707700000, 0x0000000707700000|
| 120|0x0000000707800000, 0x0000000707800000, 0x0000000707900000|  0%| F|  |TS  0|AC  0|TAMS 0x0000000707800000, 0x0000000707800000|
| 121|0x0000000707900000, 0x0000000707900000, 0x0000000707a00000|  0%| F|  |TS  0|AC  0|TAMS 0x0000000707900000, 0x0000000707900000|
| 122|0x0000000707a00000, 0x0000000707a00000, 0x0000000707b00000|  0%| F|  |TS  0|AC  0|TAMS 0x0000000707a00000, 0x0000000707a00000|
| 123|0x0000000707b00000, 0x0000000707b00000, 0x0000000707c00000|  0%| F|  |TS  0|AC  0|TAMS 0x0000000707b00000, 0x0000000707b00000|
| 124|0x0000000707c00000, 0x0000000707c00000, 0x0000000707d00000|  0%| F|  |TS  0|AC  0|TAMS 0x0000000707c00000, 0x0000000707c00000|
| 125|0x0000000707d00000, 0x0000000707d00000, 0x0000000707e00000|  0%| F|  |TS  0|AC  0|TAMS 0x0000000707d00000, 0x0000000707d00000|
| 126|0x0000000707e00000, 0x0000000707e00000, 0x0000000707f00000|  0%| F|  |TS  0|AC  0|TAMS 0x0000000707e00000, 0x0000000707e00000|
| 127|0x0000000707f00000, 0x0000000707f00000, 0x0000000708000000|  0%| F|  |TS  0|AC  0|TAMS 0x0000000707f00000, 0x0000000707f00000|
| 128|0x0000000708000000, 0x0000000708000000, 0x0000000708100000|  0%| F|  |TS  0|AC  0|TAMS 0x0000000708000000, 0x0000000708000000|
| 129|0x0000000708100000, 0x0000000708100000, 0x0000000708200000|  0%| F|  |TS  0|AC  0|TAMS 0x0000000708100000, 0x0000000708100000|
| 130|0x0000000708200000, 0x0000000708200000, 0x0000000708300000|  0%| F|  |TS  0|AC  0|TAMS 0x0000000708200000, 0x0000000708200000|
| 131|0x0000000708300000, 0x0000000708300000, 0x0000000708400000|  0%| F|  |TS  0|AC  0|TAMS 0x0000000708300000, 0x0000000708300000|
| 132|0x0000000708400000, 0x0000000708400000, 0x0000000708500000|  0%| F|  |TS  0|AC  0|TAMS 0x0000000708400000, 0x0000000708400000|
| 133|0x0000000708500000, 0x0000000708500000, 0x0000000708600000|  0%| F|  |TS  0|AC  0|TAMS 0x0000000708500000, 0x0000000708500000|
| 134|0x0000000708600000, 0x0000000708600000, 0x0000000708700000|  0%| F|  |TS  0|AC  0|TAMS 0x0000000708600000, 0x0000000708600000|
| 135|0x0000000708700000, 0x0000000708700000, 0x0000000708800000|  0%| F|  |TS  0|AC  0|TAMS 0x0000000708700000, 0x0000000708700000|
| 136|0x0000000708800000, 0x0000000708800000, 0x0000000708900000|  0%| F|  |TS  0|AC  0|TAMS 0x0000000708800000, 0x0000000708800000|
| 137|0x0000000708900000, 0x0000000708900000, 0x0000000708a00000|  0%| F|  |TS  0|AC  0|TAMS 0x0000000708900000, 0x0000000708900000|
| 138|0x0000000708a00000, 0x0000000708a00000, 0x0000000708b00000|  0%| F|  |TS  0|AC  0|TAMS 0x0000000708a00000, 0x0000000708a00000|
| 139|0x0000000708b00000, 0x0000000708b00000, 0x0000000708c00000|  0%| F|  |TS  0|AC  0|TAMS 0x0000000708b00000, 0x0000000708b00000|
| 140|0x0000000708c00000, 0x0000000708c00000, 0x0000000708d00000|  0%| F|  |TS  0|AC  0|TAMS 0x0000000708c00000, 0x0000000708c00000|
| 141|0x0000000708d00000, 0x0000000708d00000, 0x0000000708e00000|  0%| F|  |TS  0|AC  0|TAMS 0x0000000708d00000, 0x0000000708d00000|
| 142|0x0000000708e00000, 0x0000000708e00000, 0x0000000708f00000|  0%| F|  |TS  0|AC  0|TAMS 0x0000000708e00000, 0x0000000708e00000|
| 143|0x0000000708f00000, 0x0000000708f00000, 0x0000000709000000|  0%| F|  |TS  0|AC  0|TAMS 0x0000000708f00000, 0x0000000708f00000|
| 144|0x0000000709000000, 0x0000000709000000, 0x0000000709100000|  0%| F|  |TS  0|AC  0|TAMS 0x0000000709000000, 0x0000000709000000|
| 145|0x0000000709100000, 0x0000000709100000, 0x0000000709200000|  0%| F|  |TS  0|AC  0|TAMS 0x0000000709100000, 0x0000000709100000|
| 146|0x0000000709200000, 0x0000000709200000, 0x0000000709300000|  0%| F|  |TS  0|AC  0|TAMS 0x0000000709200000, 0x0000000709200000|
| 147|0x0000000709300000, 0x0000000709300000, 0x0000000709400000|  0%| F|  |TS  0|AC  0|TAMS 0x0000000709300000, 0x0000000709300000|
| 148|0x0000000709400000, 0x0000000709400000, 0x0000000709500000|  0%| F|  |TS  0|AC  0|TAMS 0x0000000709400000, 0x0000000709400000|
| 149|0x0000000709500000, 0x0000000709500000, 0x0000000709600000|  0%| F|  |TS  0|AC  0|TAMS 0x0000000709500000, 0x0000000709500000|
| 150|0x0000000709600000, 0x0000000709600000, 0x0000000709700000|  0%| F|  |TS  0|AC  0|TAMS 0x0000000709600000, 0x0000000709600000|
| 151|0x0000000709700000, 0x0000000709700000, 0x0000000709800000|  0%| F|  |TS  0|AC  0|TAMS 0x0000000709700000, 0x0000000709700000|
| 152|0x0000000709800000, 0x0000000709800000, 0x0000000709900000|  0%| F|  |TS  0|AC  0|TAMS 0x0000000709800000, 0x0000000709800000|
| 153|0x0000000709900000, 0x0000000709900000, 0x0000000709a00000|  0%| F|  |TS  0|AC  0|TAMS 0x0000000709900000, 0x0000000709900000|
| 154|0x0000000709a00000, 0x0000000709a00000, 0x0000000709b00000|  0%| F|  |TS  0|AC  0|TAMS 0x0000000709a00000, 0x0000000709a00000|
| 155|0x0000000709b00000, 0x0000000709b00000, 0x0000000709c00000|  0%| F|  |TS  0|AC  0|TAMS 0x0000000709b00000, 0x0000000709b00000|
| 156|0x0000000709c00000, 0x0000000709c00000, 0x0000000709d00000|  0%| F|  |TS  0|AC  0|TAMS 0x0000000709c00000, 0x0000000709c00000|
| 157|0x0000000709d00000, 0x0000000709d00000, 0x0000000709e00000|  0%| F|  |TS  0|AC  0|TAMS 0x0000000709d00000, 0x0000000709d00000|
| 158|0x0000000709e00000, 0x0000000709e00000, 0x0000000709f00000|  0%| F|  |TS  0|AC  0|TAMS 0x0000000709e00000, 0x0000000709e00000|
| 159|0x0000000709f00000, 0x0000000709f00000, 0x000000070a000000|  0%| F|  |TS  0|AC  0|TAMS 0x0000000709f00000, 0x0000000709f00000|
| 160|0x000000070a000000, 0x000000070a000000, 0x000000070a100000|  0%| F|  |TS  0|AC  0|TAMS 0x000000070a000000, 0x000000070a000000|
| 161|0x000000070a100000, 0x000000070a100000, 0x000000070a200000|  0%| F|  |TS  0|AC  0|TAMS 0x000000070a100000, 0x000000070a100000|
| 162|0x000000070a200000, 0x000000070a200000, 0x000000070a300000|  0%| F|  |TS  0|AC  0|TAMS 0x000000070a200000, 0x000000070a200000|
| 163|0x000000070a300000, 0x000000070a300000, 0x000000070a400000|  0%| F|  |TS  0|AC  0|TAMS 0x000000070a300000, 0x000000070a300000|
| 164|0x000000070a400000, 0x000000070a400000, 0x000000070a500000|  0%| F|  |TS  0|AC  0|TAMS 0x000000070a400000, 0x000000070a400000|
| 165|0x000000070a500000, 0x000000070a500000, 0x000000070a600000|  0%| F|  |TS  0|AC  0|TAMS 0x000000070a500000, 0x000000070a500000|
| 166|0x000000070a600000, 0x000000070a600000, 0x000000070a700000|  0%| F|  |TS  0|AC  0|TAMS 0x000000070a600000, 0x000000070a600000|
| 167|0x000000070a700000, 0x000000070a700000, 0x000000070a800000|  0%| F|  |TS  0|AC  0|TAMS 0x000000070a700000, 0x000000070a700000|
| 168|0x000000070a800000, 0x000000070a800000, 0x000000070a900000|  0%| F|  |TS  0|AC  0|TAMS 0x000000070a800000, 0x000000070a800000|
| 169|0x000000070a900000, 0x000000070a900000, 0x000000070aa00000|  0%| F|  |TS  0|AC  0|TAMS 0x000000070a900000, 0x000000070a900000|
| 170|0x000000070aa00000, 0x000000070aa00000, 0x000000070ab00000|  0%| F|  |TS  0|AC  0|TAMS 0x000000070aa00000, 0x000000070aa00000|
| 171|0x000000070ab00000, 0x000000070ab00000, 0x000000070ac00000|  0%| F|  |TS  0|AC  0|TAMS 0x000000070ab00000, 0x000000070ab00000|
| 172|0x000000070ac00000, 0x000000070ac00000, 0x000000070ad00000|  0%| F|  |TS  0|AC  0|TAMS 0x000000070ac00000, 0x000000070ac00000|
| 173|0x000000070ad00000, 0x000000070ad00000, 0x000000070ae00000|  0%| F|  |TS  0|AC  0|TAMS 0x000000070ad00000, 0x000000070ad00000|
| 174|0x000000070ae00000, 0x000000070ae00000, 0x000000070af00000|  0%| F|  |TS  0|AC  0|TAMS 0x000000070ae00000, 0x000000070ae00000|
| 175|0x000000070af00000, 0x000000070af00000, 0x000000070b000000|  0%| F|  |TS  0|AC  0|TAMS 0x000000070af00000, 0x000000070af00000|
| 176|0x000000070b000000, 0x000000070b000000, 0x000000070b100000|  0%| F|  |TS  0|AC  0|TAMS 0x000000070b000000, 0x000000070b000000|
| 177|0x000000070b100000, 0x000000070b100000, 0x000000070b200000|  0%| F|  |TS  0|AC  0|TAMS 0x000000070b100000, 0x000000070b100000|
| 178|0x000000070b200000, 0x000000070b200000, 0x000000070b300000|  0%| F|  |TS  0|AC  0|TAMS 0x000000070b200000, 0x000000070b200000|
| 179|0x000000070b300000, 0x000000070b300000, 0x000000070b400000|  0%| F|  |TS  0|AC  0|TAMS 0x000000070b300000, 0x000000070b300000|
| 180|0x000000070b400000, 0x000000070b400000, 0x000000070b500000|  0%| F|  |TS  0|AC  0|TAMS 0x000000070b400000, 0x000000070b400000|
| 181|0x000000070b500000, 0x000000070b500000, 0x000000070b600000|  0%| F|  |TS  0|AC  0|TAMS 0x000000070b500000, 0x000000070b500000|
| 182|0x000000070b600000, 0x000000070b600000, 0x000000070b700000|  0%| F|  |TS  0|AC  0|TAMS 0x000000070b600000, 0x000000070b600000|
| 183|0x000000070b700000, 0x000000070b700000, 0x000000070b800000|  0%| F|  |TS  0|AC  0|TAMS 0x000000070b700000, 0x000000070b700000|
| 184|0x000000070b800000, 0x000000070b800000, 0x000000070b900000|  0%| F|  |TS  0|AC  0|TAMS 0x000000070b800000, 0x000000070b800000|
| 185|0x000000070b900000, 0x000000070b900000, 0x000000070ba00000|  0%| F|  |TS  0|AC  0|TAMS 0x000000070b900000, 0x000000070b900000|
| 186|0x000000070ba00000, 0x000000070ba00000, 0x000000070bb00000|  0%| F|  |TS  0|AC  0|TAMS 0x000000070ba00000, 0x000000070ba00000|
| 187|0x000000070bb00000, 0x000000070bb00000, 0x000000070bc00000|  0%| F|  |TS  0|AC  0|TAMS 0x000000070bb00000, 0x000000070bb00000|
| 188|0x000000070bc00000, 0x000000070bc00000, 0x000000070bd00000|  0%| F|  |TS  0|AC  0|TAMS 0x000000070bc00000, 0x000000070bc00000|
| 189|0x000000070bd00000, 0x000000070bd00000, 0x000000070be00000|  0%| F|  |TS  0|AC  0|TAMS 0x000000070bd00000, 0x000000070bd00000|
| 190|0x000000070be00000, 0x000000070be00000, 0x000000070bf00000|  0%| F|  |TS  0|AC  0|TAMS 0x000000070be00000, 0x000000070be00000|
| 191|0x000000070bf00000, 0x000000070bf00000, 0x000000070c000000|  0%| F|  |TS  0|AC  0|TAMS 0x000000070bf00000, 0x000000070bf00000|
| 192|0x000000070c000000, 0x000000070c000000, 0x000000070c100000|  0%| F|  |TS  0|AC  0|TAMS 0x000000070c000000, 0x000000070c000000|
| 193|0x000000070c100000, 0x000000070c100000, 0x000000070c200000|  0%| F|  |TS  0|AC  0|TAMS 0x000000070c100000, 0x000000070c100000|
| 194|0x000000070c200000, 0x000000070c200000, 0x000000070c300000|  0%| F|  |TS  0|AC  0|TAMS 0x000000070c200000, 0x000000070c200000|
| 195|0x000000070c300000, 0x000000070c300000, 0x000000070c400000|  0%| F|  |TS  0|AC  0|TAMS 0x000000070c300000, 0x000000070c300000|
| 196|0x000000070c400000, 0x000000070c400000, 0x000000070c500000|  0%| F|  |TS  0|AC  0|TAMS 0x000000070c400000, 0x000000070c400000|
| 197|0x000000070c500000, 0x000000070c500000, 0x000000070c600000|  0%| F|  |TS  0|AC  0|TAMS 0x000000070c500000, 0x000000070c500000|
| 198|0x000000070c600000, 0x000000070c600000, 0x000000070c700000|  0%| F|  |TS  0|AC  0|TAMS 0x000000070c600000, 0x000000070c600000|
| 199|0x000000070c700000, 0x000000070c700000, 0x000000070c800000|  0%| F|  |TS  0|AC  0|TAMS 0x000000070c700000, 0x000000070c700000|
| 200|0x000000070c800000, 0x000000070c800000, 0x000000070c900000|  0%| F|  |TS  0|AC  0|TAMS 0x000000070c800000, 0x000000070c800000|
| 201|0x000000070c900000, 0x000000070c900000, 0x000000070ca00000|  0%| F|  |TS  0|AC  0|TAMS 0x000000070c900000, 0x000000070c900000|
| 202|0x000000070ca00000, 0x000000070ca00000, 0x000000070cb00000|  0%| F|  |TS  0|AC  0|TAMS 0x000000070ca00000, 0x000000070ca00000|
| 203|0x000000070cb00000, 0x000000070cb00000, 0x000000070cc00000|  0%| F|  |TS  0|AC  0|TAMS 0x000000070cb00000, 0x000000070cb00000|
| 204|0x000000070cc00000, 0x000000070cc00000, 0x000000070cd00000|  0%| F|  |TS  0|AC  0|TAMS 0x000000070cc00000, 0x000000070cc00000|
| 205|0x000000070cd00000, 0x000000070cd00000, 0x000000070ce00000|  0%| F|  |TS  0|AC  0|TAMS 0x000000070cd00000, 0x000000070cd00000|
| 206|0x000000070ce00000, 0x000000070ce00000, 0x000000070cf00000|  0%| F|  |TS  0|AC  0|TAMS 0x000000070ce00000, 0x000000070ce00000|
| 207|0x000000070cf00000, 0x000000070cf00000, 0x000000070d000000|  0%| F|  |TS  0|AC  0|TAMS 0x000000070cf00000, 0x000000070cf00000|
| 208|0x000000070d000000, 0x000000070d000000, 0x000000070d100000|  0%| F|  |TS  0|AC  0|TAMS 0x000000070d000000, 0x000000070d000000|
| 209|0x000000070d100000, 0x000000070d100000, 0x000000070d200000|  0%| F|  |TS  0|AC  0|TAMS 0x000000070d100000, 0x000000070d100000|
| 210|0x000000070d200000, 0x000000070d200000, 0x000000070d300000|  0%| F|  |TS  0|AC  0|TAMS 0x000000070d200000, 0x000000070d200000|
| 211|0x000000070d300000, 0x000000070d300000, 0x000000070d400000|  0%| F|  |TS  0|AC  0|TAMS 0x000000070d300000, 0x000000070d300000|
| 212|0x000000070d400000, 0x000000070d400000, 0x000000070d500000|  0%| F|  |TS  0|AC  0|TAMS 0x000000070d400000, 0x000000070d400000|
| 213|0x000000070d500000, 0x000000070d500000, 0x000000070d600000|  0%| F|  |TS  0|AC  0|TAMS 0x000000070d500000, 0x000000070d500000|
| 214|0x000000070d600000, 0x000000070d600000, 0x000000070d700000|  0%| F|  |TS  0|AC  0|TAMS 0x000000070d600000, 0x000000070d600000|
| 215|0x000000070d700000, 0x000000070d700000, 0x000000070d800000|  0%| F|  |TS  0|AC  0|TAMS 0x000000070d700000, 0x000000070d700000|
| 216|0x000000070d800000, 0x000000070d800000, 0x000000070d900000|  0%| F|  |TS  0|AC  0|TAMS 0x000000070d800000, 0x000000070d800000|
| 217|0x000000070d900000, 0x000000070d900000, 0x000000070da00000|  0%| F|  |TS  0|AC  0|TAMS 0x000000070d900000, 0x000000070d900000|
| 218|0x000000070da00000, 0x000000070da00000, 0x000000070db00000|  0%| F|  |TS  0|AC  0|TAMS 0x000000070da00000, 0x000000070da00000|
| 219|0x000000070db00000, 0x000000070db00000, 0x000000070dc00000|  0%| F|  |TS  0|AC  0|TAMS 0x000000070db00000, 0x000000070db00000|
| 220|0x000000070dc00000, 0x000000070dc00000, 0x000000070dd00000|  0%| F|  |TS  0|AC  0|TAMS 0x000000070dc00000, 0x000000070dc00000|
| 221|0x000000070dd00000, 0x000000070dd00000, 0x000000070de00000|  0%| F|  |TS  0|AC  0|TAMS 0x000000070dd00000, 0x000000070dd00000|
| 222|0x000000070de00000, 0x000000070de00000, 0x000000070df00000|  0%| F|  |TS  0|AC  0|TAMS 0x000000070de00000, 0x000000070de00000|
| 223|0x000000070df00000, 0x000000070df00000, 0x000000070e000000|  0%| F|  |TS  0|AC  0|TAMS 0x000000070df00000, 0x000000070df00000|
| 224|0x000000070e000000, 0x000000070e000000, 0x000000070e100000|  0%| F|  |TS  0|AC  0|TAMS 0x000000070e000000, 0x000000070e000000|
| 225|0x000000070e100000, 0x000000070e100000, 0x000000070e200000|  0%| F|  |TS  0|AC  0|TAMS 0x000000070e100000, 0x000000070e100000|
| 226|0x000000070e200000, 0x000000070e200000, 0x000000070e300000|  0%| F|  |TS  0|AC  0|TAMS 0x000000070e200000, 0x000000070e200000|
| 227|0x000000070e300000, 0x000000070e300000, 0x000000070e400000|  0%| F|  |TS  0|AC  0|TAMS 0x000000070e300000, 0x000000070e300000|
| 228|0x000000070e400000, 0x000000070e400000, 0x000000070e500000|  0%| F|  |TS  0|AC  0|TAMS 0x000000070e400000, 0x000000070e400000|
| 229|0x000000070e500000, 0x000000070e500000, 0x000000070e600000|  0%| F|  |TS  0|AC  0|TAMS 0x000000070e500000, 0x000000070e500000|
| 230|0x000000070e600000, 0x000000070e600000, 0x000000070e700000|  0%| F|  |TS  0|AC  0|TAMS 0x000000070e600000, 0x000000070e600000|
| 231|0x000000070e700000, 0x000000070e700000, 0x000000070e800000|  0%| F|  |TS  0|AC  0|TAMS 0x000000070e700000, 0x000000070e700000|
| 232|0x000000070e800000, 0x000000070e800000, 0x000000070e900000|  0%| F|  |TS  0|AC  0|TAMS 0x000000070e800000, 0x000000070e800000|
| 233|0x000000070e900000, 0x000000070e900000, 0x000000070ea00000|  0%| F|  |TS  0|AC  0|TAMS 0x000000070e900000, 0x000000070e900000|
| 234|0x000000070ea00000, 0x000000070ea00000, 0x000000070eb00000|  0%| F|  |TS  0|AC  0|TAMS 0x000000070ea00000, 0x000000070ea00000|
| 235|0x000000070eb00000, 0x000000070eb00000, 0x000000070ec00000|  0%| F|  |TS  0|AC  0|TAMS 0x000000070eb00000, 0x000000070eb00000|
| 236|0x000000070ec00000, 0x000000070ec00000, 0x000000070ed00000|  0%| F|  |TS  0|AC  0|TAMS 0x000000070ec00000, 0x000000070ec00000|
| 237|0x000000070ed00000, 0x000000070ede4cb0, 0x000000070ee00000| 89%| S|CS|TS 17|AC  0|TAMS 0x000000070ed00000, 0x000000070ed00000|
| 238|0x000000070ee00000, 0x000000070ee00000, 0x000000070ef00000|  0%| F|  |TS 17|AC  0|TAMS 0x000000070ee00000, 0x000000070ee00000|
| 239|0x000000070ef00000, 0x000000070ef00000, 0x000000070f000000|  0%| F|  |TS 17|AC  0|TAMS 0x000000070ef00000, 0x000000070ef00000|
| 240|0x000000070f000000, 0x000000070f000000, 0x000000070f100000|  0%| F|  |TS 17|AC  0|TAMS 0x000000070f000000, 0x000000070f000000|
| 241|0x000000070f100000, 0x000000070f100000, 0x000000070f200000|  0%| F|  |TS 17|AC  0|TAMS 0x000000070f100000, 0x000000070f100000|
| 242|0x000000070f200000, 0x000000070f200000, 0x000000070f300000|  0%| F|  |TS 17|AC  0|TAMS 0x000000070f200000, 0x000000070f200000|
| 243|0x000000070f300000, 0x000000070f300000, 0x000000070f400000|  0%| F|  |TS 17|AC  0|TAMS 0x000000070f300000, 0x000000070f300000|
| 244|0x000000070f400000, 0x000000070f400000, 0x000000070f500000|  0%| F|  |TS 17|AC  0|TAMS 0x000000070f400000, 0x000000070f400000|
| 245|0x000000070f500000, 0x000000070f500000, 0x000000070f600000|  0%| F|  |TS 17|AC  0|TAMS 0x000000070f500000, 0x000000070f500000|
| 246|0x000000070f600000, 0x000000070f600000, 0x000000070f700000|  0%| F|  |TS 17|AC  0|TAMS 0x000000070f600000, 0x000000070f600000|
| 247|0x000000070f700000, 0x000000070f700000, 0x000000070f800000|  0%| F|  |TS 17|AC  0|TAMS 0x000000070f700000, 0x000000070f700000|
| 248|0x000000070f800000, 0x000000070f800000, 0x000000070f900000|  0%| F|  |TS 17|AC  0|TAMS 0x000000070f800000, 0x000000070f800000|
| 249|0x000000070f900000, 0x000000070f900000, 0x000000070fa00000|  0%| F|  |TS 17|AC  0|TAMS 0x000000070f900000, 0x000000070f900000|
| 250|0x000000070fa00000, 0x000000070fa00000, 0x000000070fb00000|  0%| F|  |TS 17|AC  0|TAMS 0x000000070fa00000, 0x000000070fa00000|
| 251|0x000000070fb00000, 0x000000070fb00000, 0x000000070fc00000|  0%| F|  |TS 17|AC  0|TAMS 0x000000070fb00000, 0x000000070fb00000|
| 252|0x000000070fc00000, 0x000000070fc00000, 0x000000070fd00000|  0%| F|  |TS 17|AC  0|TAMS 0x000000070fc00000, 0x000000070fc00000|
| 253|0x000000070fd00000, 0x000000070fd00000, 0x000000070fe00000|  0%| F|  |TS 17|AC  0|TAMS 0x000000070fd00000, 0x000000070fd00000|
| 254|0x000000070fe00000, 0x000000070fe00000, 0x000000070ff00000|  0%| F|  |TS 17|AC  0|TAMS 0x000000070fe00000, 0x000000070fe00000|
| 255|0x000000070ff00000, 0x000000070ff00000, 0x0000000710000000|  0%| F|  |TS 17|AC  0|TAMS 0x000000070ff00000, 0x000000070ff00000|
| 256|0x0000000710000000, 0x0000000710000000, 0x0000000710100000|  0%| F|  |TS 17|AC  0|TAMS 0x0000000710000000, 0x0000000710000000|
| 257|0x0000000710100000, 0x0000000710100000, 0x0000000710200000|  0%| F|  |TS 17|AC  0|TAMS 0x0000000710100000, 0x0000000710100000|
| 258|0x0000000710200000, 0x0000000710200000, 0x0000000710300000|  0%| F|  |TS 17|AC  0|TAMS 0x0000000710200000, 0x0000000710200000|
| 259|0x0000000710300000, 0x0000000710300000, 0x0000000710400000|  0%| F|  |TS 17|AC  0|TAMS 0x0000000710300000, 0x0000000710300000|
| 260|0x0000000710400000, 0x0000000710400000, 0x0000000710500000|  0%| F|  |TS 17|AC  0|TAMS 0x0000000710400000, 0x0000000710400000|
| 261|0x0000000710500000, 0x0000000710500000, 0x0000000710600000|  0%| F|  |TS 17|AC  0|TAMS 0x0000000710500000, 0x0000000710500000|
| 262|0x0000000710600000, 0x0000000710600000, 0x0000000710700000|  0%| F|  |TS 17|AC  0|TAMS 0x0000000710600000, 0x0000000710600000|
| 263|0x0000000710700000, 0x0000000710700000, 0x0000000710800000|  0%| F|  |TS 17|AC  0|TAMS 0x0000000710700000, 0x0000000710700000|
| 264|0x0000000710800000, 0x0000000710800000, 0x0000000710900000|  0%| F|  |TS 17|AC  0|TAMS 0x0000000710800000, 0x0000000710800000|
| 265|0x0000000710900000, 0x0000000710900000, 0x0000000710a00000|  0%| F|  |TS 17|AC  0|TAMS 0x0000000710900000, 0x0000000710900000|
| 266|0x0000000710a00000, 0x0000000710ad6248, 0x0000000710b00000| 83%| E|  |TS 17|AC  0|TAMS 0x0000000710a00000, 0x0000000710a00000|
| 267|0x0000000710b00000, 0x0000000710c00000, 0x0000000710c00000|100%| E|CS|TS 17|AC  0|TAMS 0x0000000710b00000, 0x0000000710b00000|
| 268|0x0000000710c00000, 0x0000000710d00000, 0x0000000710d00000|100%| E|CS|TS 17|AC  0|TAMS 0x0000000710c00000, 0x0000000710c00000|
| 269|0x0000000710d00000, 0x0000000710e00000, 0x0000000710e00000|100%| E|CS|TS 17|AC  0|TAMS 0x0000000710d00000, 0x0000000710d00000|
| 270|0x0000000710e00000, 0x0000000710f00000, 0x0000000710f00000|100%| E|CS|TS 17|AC  0|TAMS 0x0000000710e00000, 0x0000000710e00000|
| 271|0x0000000710f00000, 0x0000000711000000, 0x0000000711000000|100%| E|CS|TS 17|AC  0|TAMS 0x0000000710f00000, 0x0000000710f00000|
| 272|0x0000000711000000, 0x0000000711100000, 0x0000000711100000|100%| E|CS|TS 17|AC  0|TAMS 0x0000000711000000, 0x0000000711000000|
| 273|0x0000000711100000, 0x0000000711200000, 0x0000000711200000|100%| E|CS|TS 17|AC  0|TAMS 0x0000000711100000, 0x0000000711100000|
| 274|0x0000000711200000, 0x0000000711300000, 0x0000000711300000|100%| E|CS|TS 17|AC  0|TAMS 0x0000000711200000, 0x0000000711200000|
| 275|0x0000000711300000, 0x0000000711400000, 0x0000000711400000|100%| E|CS|TS 17|AC  0|TAMS 0x0000000711300000, 0x0000000711300000|
| 276|0x0000000711400000, 0x0000000711500000, 0x0000000711500000|100%| E|CS|TS 17|AC  0|TAMS 0x0000000711400000, 0x0000000711400000|
| 277|0x0000000711500000, 0x0000000711600000, 0x0000000711600000|100%| E|CS|TS 17|AC  0|TAMS 0x0000000711500000, 0x0000000711500000|
| 278|0x0000000711600000, 0x0000000711700000, 0x0000000711700000|100%| E|CS|TS 17|AC  0|TAMS 0x0000000711600000, 0x0000000711600000|
| 279|0x0000000711700000, 0x0000000711800000, 0x0000000711800000|100%| E|CS|TS 17|AC  0|TAMS 0x0000000711700000, 0x0000000711700000|
| 280|0x0000000711800000, 0x0000000711900000, 0x0000000711900000|100%| E|CS|TS 17|AC  0|TAMS 0x0000000711800000, 0x0000000711800000|
| 281|0x0000000711900000, 0x0000000711a00000, 0x0000000711a00000|100%| E|CS|TS 17|AC  0|TAMS 0x0000000711900000, 0x0000000711900000|
| 282|0x0000000711a00000, 0x0000000711b00000, 0x0000000711b00000|100%| E|CS|TS 17|AC  0|TAMS 0x0000000711a00000, 0x0000000711a00000|
| 283|0x0000000711b00000, 0x0000000711c00000, 0x0000000711c00000|100%| E|CS|TS 17|AC  0|TAMS 0x0000000711b00000, 0x0000000711b00000|
| 284|0x0000000711c00000, 0x0000000711d00000, 0x0000000711d00000|100%| E|CS|TS 17|AC  0|TAMS 0x0000000711c00000, 0x0000000711c00000|
| 285|0x0000000711d00000, 0x0000000711e00000, 0x0000000711e00000|100%| E|CS|TS 17|AC  0|TAMS 0x0000000711d00000, 0x0000000711d00000|
| 286|0x0000000711e00000, 0x0000000711f00000, 0x0000000711f00000|100%| E|CS|TS 17|AC  0|TAMS 0x0000000711e00000, 0x0000000711e00000|
| 287|0x0000000711f00000, 0x0000000712000000, 0x0000000712000000|100%| E|CS|TS 17|AC  0|TAMS 0x0000000711f00000, 0x0000000711f00000|
| 288|0x0000000712000000, 0x0000000712100000, 0x0000000712100000|100%| E|CS|TS 17|AC  0|TAMS 0x0000000712000000, 0x0000000712000000|
| 289|0x0000000712100000, 0x0000000712200000, 0x0000000712200000|100%| E|CS|TS 17|AC  0|TAMS 0x0000000712100000, 0x0000000712100000|
| 290|0x0000000712200000, 0x0000000712300000, 0x0000000712300000|100%| E|CS|TS 17|AC  0|TAMS 0x0000000712200000, 0x0000000712200000|
| 291|0x0000000712300000, 0x0000000712400000, 0x0000000712400000|100%| E|CS|TS 17|AC  0|TAMS 0x0000000712300000, 0x0000000712300000|
| 292|0x0000000712400000, 0x0000000712500000, 0x0000000712500000|100%| E|CS|TS 17|AC  0|TAMS 0x0000000712400000, 0x0000000712400000|
| 293|0x0000000712500000, 0x0000000712600000, 0x0000000712600000|100%| E|CS|TS 17|AC  0|TAMS 0x0000000712500000, 0x0000000712500000|
| 294|0x0000000712600000, 0x0000000712700000, 0x0000000712700000|100%| E|CS|TS 17|AC  0|TAMS 0x0000000712600000, 0x0000000712600000|
| 295|0x0000000712700000, 0x0000000712800000, 0x0000000712800000|100%| E|CS|TS 17|AC  0|TAMS 0x0000000712700000, 0x0000000712700000|
| 296|0x0000000712800000, 0x0000000712900000, 0x0000000712900000|100%| E|CS|TS 17|AC  0|TAMS 0x0000000712800000, 0x0000000712800000|
| 297|0x0000000712900000, 0x0000000712a00000, 0x0000000712a00000|100%| E|CS|TS 17|AC  0|TAMS 0x0000000712900000, 0x0000000712900000|

Card table byte_map: [0x000001ac760f0000,0x000001ac766f0000] byte_map_base: 0x000001ac728f0000

Marking Bits (Prev, Next): (CMBitMap*) 0x000001ac677fca38, (CMBitMap*) 0x000001ac677fca00
 Prev Bits: [0x000001ac79cf0000, 0x000001ac7ccf0000)
 Next Bits: [0x000001ac76cf0000, 0x000001ac79cf0000)

Polling page: 0x000001ac636b0000

CodeHeap 'non-profiled nmethods': size=120000Kb used=31763Kb max_used=31763Kb free=88236Kb
 bounds [0x000001ac07ad0000, 0x000001ac099e0000, 0x000001ac0f000000]
CodeHeap 'profiled nmethods': size=120000Kb used=45682Kb max_used=45682Kb free=74317Kb
 bounds [0x000001ac005a0000, 0x000001ac03300000, 0x000001ac07ad0000]
CodeHeap 'non-nmethods': size=5760Kb used=1812Kb max_used=1850Kb free=3947Kb
 bounds [0x000001ac00000000, 0x000001ac00270000, 0x000001ac005a0000]
 total_blobs=45200 nmethods=21194 adapters=1144
 compilation: enabled

Compilation events (10 events):
Event: 117517.436 Thread 0x000001ac6f185000 29745       3       javax.swing.plaf.synth.SynthProgressBarUI::updateStyle (257 bytes)
Event: 117517.436 Thread 0x000001ac6f185000 nmethod 29745 0x000001ac02eccf90 code [0x000001ac02ecd320, 0x000001ac02ecea10]
Event: 117517.930 Thread 0x000001ac6f184800 29746       4       com.jidesoft.swing.JideToggleButton$ToggleButtonModel::setSelected (91 bytes)
Event: 117517.935 Thread 0x000001ac6f184800 nmethod 29746 0x000001ac099d9c10 code [0x000001ac099d9de0, 0x000001ac099da2b0]
Event: 117518.462 Thread 0x000001ac6f185000 29747       1       sun.awt.windows.WComponentPeer::isFocusable (2 bytes)
Event: 117518.462 Thread 0x000001ac6f185000 nmethod 29747 0x000001ac099da510 code [0x000001ac099da6c0, 0x000001ac099da7d8]
Event: 117518.468 Thread 0x000001ac6bf7f000 29748       4       javax.swing.JRootPane::setContentPane (66 bytes)
Event: 117518.476 Thread 0x000001ac6bf7f000 nmethod 29748 0x000001ac099da890 code [0x000001ac099daaa0, 0x000001ac099db3c0]
Event: 117518.480 Thread 0x000001ac6f185000 29749       3       java.util.BitSet::clear (70 bytes)
Event: 117518.481 Thread 0x000001ac6f185000 nmethod 29749 0x000001ac02edeb10 code [0x000001ac02ededa0, 0x000001ac02edf9e0]

GC Heap History (10 events):
Event: 117509.626 GC heap before
{Heap before GC invocations=2966 (full 936):
 garbage-first heap   total 305152K, used 158726K [0x0000000700000000, 0x0000000700100950, 0x00000007c0000000)
  region size 1024K, 60 young (61440K), 1 survivors (1024K)
 Metaspace       used 85830K, capacity 87963K, committed 94972K, reserved 1132544K
  class space    used 10899K, capacity 11352K, committed 12796K, reserved 1048576K
}
Event: 117509.629 GC heap after
{Heap after GC invocations=2967 (full 936):
 garbage-first heap   total 305152K, used 98235K [0x0000000700000000, 0x0000000700100950, 0x00000007c0000000)
  region size 1024K, 1 young (1024K), 1 survivors (1024K)
 Metaspace       used 85830K, capacity 87963K, committed 94972K, reserved 1132544K
  class space    used 10899K, capacity 11352K, committed 12796K, reserved 1048576K
}
Event: 117512.596 GC heap before
{Heap before GC invocations=2967 (full 936):
 garbage-first heap   total 305152K, used 158651K [0x0000000700000000, 0x0000000700100950, 0x00000007c0000000)
  region size 1024K, 60 young (61440K), 1 survivors (1024K)
 Metaspace       used 85830K, capacity 87963K, committed 94972K, reserved 1132544K
  class space    used 10899K, capacity 11352K, committed 12796K, reserved 1048576K
}
Event: 117512.599 GC heap after
{Heap after GC invocations=2968 (full 936):
 garbage-first heap   total 305152K, used 98562K [0x0000000700000000, 0x0000000700100950, 0x00000007c0000000)
  region size 1024K, 1 young (1024K), 1 survivors (1024K)
 Metaspace       used 85830K, capacity 87963K, committed 94972K, reserved 1132544K
  class space    used 10899K, capacity 11352K, committed 12796K, reserved 1048576K
}
Event: 117514.309 GC heap before
{Heap before GC invocations=2968 (full 936):
 garbage-first heap   total 305152K, used 158978K [0x0000000700000000, 0x0000000700100950, 0x00000007c0000000)
  region size 1024K, 60 young (61440K), 1 survivors (1024K)
 Metaspace       used 85830K, capacity 87963K, committed 94972K, reserved 1132544K
  class space    used 10899K, capacity 11352K, committed 12796K, reserved 1048576K
}
Event: 117514.311 GC heap after
{Heap after GC invocations=2969 (full 936):
 garbage-first heap   total 305152K, used 98382K [0x0000000700000000, 0x0000000700100950, 0x00000007c0000000)
  region size 1024K, 1 young (1024K), 1 survivors (1024K)
 Metaspace       used 85830K, capacity 87963K, committed 94972K, reserved 1132544K
  class space    used 10899K, capacity 11352K, committed 12796K, reserved 1048576K
}
Event: 117516.525 GC heap before
{Heap before GC invocations=2969 (full 936):
 garbage-first heap   total 305152K, used 158798K [0x0000000700000000, 0x0000000700100950, 0x00000007c0000000)
  region size 1024K, 60 young (61440K), 1 survivors (1024K)
 Metaspace       used 85830K, capacity 87963K, committed 94972K, reserved 1132544K
  class space    used 10899K, capacity 11352K, committed 12796K, reserved 1048576K
}
Event: 117516.527 GC heap after
{Heap after GC invocations=2970 (full 936):
 garbage-first heap   total 305152K, used 98335K [0x0000000700000000, 0x0000000700100950, 0x00000007c0000000)
  region size 1024K, 1 young (1024K), 1 survivors (1024K)
 Metaspace       used 85830K, capacity 87963K, committed 94972K, reserved 1132544K
  class space    used 10899K, capacity 11352K, committed 12796K, reserved 1048576K
}
Event: 117517.637 GC heap before
{Heap before GC invocations=2970 (full 936):
 garbage-first heap   total 305152K, used 158751K [0x0000000700000000, 0x0000000700100950, 0x00000007c0000000)
  region size 1024K, 60 young (61440K), 1 survivors (1024K)
 Metaspace       used 85830K, capacity 87963K, committed 94972K, reserved 1132544K
  class space    used 10899K, capacity 11352K, committed 12796K, reserved 1048576K
}
Event: 117517.640 GC heap after
{Heap after GC invocations=2971 (full 936):
 garbage-first heap   total 305152K, used 98615K [0x0000000700000000, 0x0000000700100950, 0x00000007c0000000)
  region size 1024K, 1 young (1024K), 1 survivors (1024K)
 Metaspace       used 85830K, capacity 87963K, committed 94972K, reserved 1132544K
  class space    used 10899K, capacity 11352K, committed 12796K, reserved 1048576K
}

Deoptimization events (10 events):
Event: 117483.462 Thread 0x000001ac6a65b800 Uncommon trap: reason=class_check action=maybe_recompile pc=0x000001ac096f6380 method=javax.swing.KeyboardManager.fireKeyboardAction(Ljava/awt/event/KeyEvent;ZLjava/awt/Container;)Z @ 189 c2
Event: 117484.926 Thread 0x000001ac6a65b800 Uncommon trap: reason=class_check action=maybe_recompile pc=0x000001ac096f6380 method=javax.swing.KeyboardManager.fireKeyboardAction(Ljava/awt/event/KeyEvent;ZLjava/awt/Container;)Z @ 189 c2
Event: 117485.958 Thread 0x000001ac6a65b800 Uncommon trap: reason=class_check action=maybe_recompile pc=0x000001ac096f6380 method=javax.swing.KeyboardManager.fireKeyboardAction(Ljava/awt/event/KeyEvent;ZLjava/awt/Container;)Z @ 189 c2
Event: 117494.952 Thread 0x000001ac6a65b800 Uncommon trap: reason=class_check action=maybe_recompile pc=0x000001ac0847e30c method=com.jidesoft.list.DefaultListModelWrapper.reallocateIndexes()V @ 8 c2
Event: 117503.086 Thread 0x000001ac6a65b800 Uncommon trap: reason=unstable_if action=reinterpret pc=0x000001ac0943a230 method=ui.frmwork.d.p.<init>(Ljava/util/ArrayList;Ljava/lang/String;Lui/utils/b/a/a;)V @ 62 c2
Event: 117504.285 Thread 0x000001ac6a65b800 Uncommon trap: reason=bimorphic_or_optimized_type_check action=maybe_recompile pc=0x000001ac08d487fc method=com.jidesoft.grid.TableUtils.getTablePreferenceByName(Ljavax/swing/JTable;)Ljava/lang/String; @ 17 c2
Event: 117504.285 Thread 0x000001ac6a65b800 Uncommon trap: reason=bimorphic_or_optimized_type_check action=maybe_recompile pc=0x000001ac0996a660 method=com.jidesoft.grid.TableUtils.a(Ljavax/swing/JTable;Ljava/util/List;Ljava/util/List;Z)V @ 142 c2
Event: 117504.290 Thread 0x000001ac6a65b800 Uncommon trap: reason=bimorphic_or_optimized_type_check action=maybe_recompile pc=0x000001ac08d487fc method=com.jidesoft.grid.TableUtils.getTablePreferenceByName(Ljavax/swing/JTable;)Ljava/lang/String; @ 17 c2
Event: 117504.840 Thread 0x000001ac6a65b800 Uncommon trap: reason=class_check action=maybe_recompile pc=0x000001ac086681c8 method=ui.views.waveform.f.w.aX(Ljava/util/List;)[Ljava/lang/String; @ 12 c2
Event: 117504.840 Thread 0x000001ac6a65b800 Uncommon trap: reason=unstable_if action=reinterpret pc=0x000001ac098bd0d4 method=ui.views.waveform.executive.a.gFI()Lui/views/waveform/executive/protobuf/WVNameValue$WVNameTreeMessage; @ 34 c2

Classes redefined (0 events):
No events

Internal exceptions (10 events):
Event: 117361.469 Thread 0x000001ac25dbf800 Exception <a 'java/lang/InterruptedException'{0x0000000737bd6a08}: sleep interrupted> (0x0000000737bd6a08) thrown at [t:/workspace/hotspot/src/share/vm/prims/jvm.cpp, line 3023]
Event: 117362.324 Thread 0x000001ac25dc3800 Exception <a 'java/lang/InterruptedException'{0x00000007365b3200}: sleep interrupted> (0x00000007365b3200) thrown at [t:/workspace/hotspot/src/share/vm/prims/jvm.cpp, line 3023]
Event: 117363.896 Thread 0x000001ac25dc4000 Exception <a 'java/lang/InterruptedException'{0x0000000737e087e0}: sleep interrupted> (0x0000000737e087e0) thrown at [t:/workspace/hotspot/src/share/vm/prims/jvm.cpp, line 3023]
Event: 117378.792 Thread 0x000001ac6a65b800 Implicit null exception at 0x000001ac08c47613 to 0x000001ac08c47e9d
Event: 117378.792 Thread 0x000001ac6a65b800 Implicit null exception at 0x000001ac09625c27 to 0x000001ac096264c5
Event: 117390.684 Thread 0x000001ac6a65b800 Implicit null exception at 0x000001ac09650e78 to 0x000001ac096523b5
Event: 117440.808 Thread 0x000001ac6a65b800 Exception <a 'java/lang/NoSuchMethodError'{0x000000070fd3f530}: java.lang.invoke.DirectMethodHandle$Holder.invokeSpecial(Ljava/lang/Object;Ljava/lang/Object;IILjava/lang/Object;Ljava/lang/Object;IILjava/lang/Object;Ljava/lang/Object;)Ljava/lang/Object;> (
Event: 117440.808 Thread 0x000001ac6a65b800 Exception <a 'java/lang/NoSuchMethodError'{0x000000070fd431e8}: java.lang.invoke.DelegatingMethodHandle$Holder.reinvoke_L(Ljava/lang/Object;IILjava/lang/Object;Ljava/lang/Object;IILjava/lang/Object;Ljava/lang/Object;)Ljava/lang/Object;> (0x000000070fd431e
Event: 117440.810 Thread 0x000001ac6a65b800 Exception <a 'java/lang/NoSuchMethodError'{0x000000070fdc5c30}: java.lang.invoke.DirectMethodHandle$Holder.invokeSpecial(Ljava/lang/Object;Ljava/lang/Object;Ljava/lang/Object;Ljava/lang/Object;IILjava/lang/Object;Ljava/lang/Object;)Ljava/lang/Object;> (0x
Event: 117504.840 Thread 0x000001ac6a65b800 Implicit null exception at 0x000001ac098ba582 to 0x000001ac098bd0c5

Events (10 events):
Event: 117517.866 Executing VM operation: RevokeBias done
Event: 117518.153 Thread 0x000001ac25dbf000 Thread added: 0x000001ac25dbf000
Event: 117518.156 Thread 0x000001ac25dbf000 Thread exited: 0x000001ac25dbf000
Event: 117518.443 Thread 0x000001ac25dc2000 Thread added: 0x000001ac25dc2000
Event: 117518.446 Executing VM operation: RevokeBias
Event: 117518.446 Executing VM operation: RevokeBias done
Event: 117518.447 Executing VM operation: RevokeBias
Event: 117518.447 Executing VM operation: RevokeBias done
Event: 117519.154 Thread 0x000001ac25dbd800 Thread added: 0x000001ac25dbd800
Event: 117519.157 Thread 0x000001ac25dbd800 Thread exited: 0x000001ac25dbd800


Dynamic libraries:
0x00007ff682670000 - 0x00007ff6826a0000 	E:\xilliax\Vivado\2019.1\bin\unwrapped\win64.o\vivado.exe
0x00007ffd9ea00000 - 0x00007ffd9ebf0000 	C:\WINDOWS\SYSTEM32\ntdll.dll
0x00007ffd9e630000 - 0x00007ffd9e6e2000 	C:\WINDOWS\System32\KERNEL32.DLL
0x00007ffd9c170000 - 0x00007ffd9c413000 	C:\WINDOWS\System32\KERNELBASE.dll
0x00007ffd9c450000 - 0x00007ffd9c54a000 	C:\WINDOWS\System32\ucrtbase.dll
0x00007ffd91c20000 - 0x00007ffd91cb9000 	C:\WINDOWS\SYSTEM32\MSVCP140.dll
0x00007ffd91c00000 - 0x00007ffd91c17000 	C:\WINDOWS\SYSTEM32\VCRUNTIME140.dll
0x00007ffd2cea0000 - 0x00007ffd2dd82000 	E:\xilliax\Vivado\2019.1\lib\win64.o\librdi_common.dll
0x00007ffd87660000 - 0x00007ffd87674000 	E:\xilliax\Vivado\2019.1\lib\win64.o\libboost_signals.dll
0x00007ffd9cfc0000 - 0x00007ffd9d154000 	C:\WINDOWS\System32\USER32.dll
0x00007ffd9c420000 - 0x00007ffd9c441000 	C:\WINDOWS\System32\win32u.dll
0x00007ffd9d850000 - 0x00007ffd9d876000 	C:\WINDOWS\System32\GDI32.dll
0x00007ffd307f0000 - 0x00007ffd30b5e000 	E:\xilliax\Vivado\2019.1\lib\win64.o\libCOIN-all.dll
0x00007ffd87540000 - 0x00007ffd87554000 	E:\xilliax\Vivado\2019.1\lib\win64.o\libboost_date_time.dll
0x00007ffd9c670000 - 0x00007ffd9c804000 	C:\WINDOWS\System32\gdi32full.dll
0x00007ffd9c5d0000 - 0x00007ffd9c66e000 	C:\WINDOWS\System32\msvcp_win.dll
0x00007ffd9e150000 - 0x00007ffd9e1f3000 	C:\WINDOWS\System32\ADVAPI32.dll
0x00007ffd7d000000 - 0x00007ffd7d026000 	E:\xilliax\Vivado\2019.1\lib\win64.o\libboost_filesystem.dll
0x00007ffd9e870000 - 0x00007ffd9e90e000 	C:\WINDOWS\System32\msvcrt.dll
0x00007ffd75e50000 - 0x00007ffd75ecf000 	E:\xilliax\Vivado\2019.1\lib\win64.o\libboost_program_options.dll
0x00007ffd9d9a0000 - 0x00007ffd9da37000 	C:\WINDOWS\System32\sechost.dll
0x00007ffd9d880000 - 0x00007ffd9d9a0000 	C:\WINDOWS\System32\RPCRT4.dll
0x00007ffd4d780000 - 0x00007ffd4d894000 	E:\xilliax\Vivado\2019.1\lib\win64.o\libboost_regex.dll
0x00007ffd9d160000 - 0x00007ffd9d845000 	C:\WINDOWS\System32\SHELL32.dll
0x00007ffd978b0000 - 0x00007ffd978bb000 	E:\xilliax\Vivado\2019.1\lib\win64.o\libboost_system.dll
0x00007ffd9c8f0000 - 0x00007ffd9c93a000 	C:\WINDOWS\System32\cfgmgr32.dll
0x00007ffd9e910000 - 0x00007ffd9e9b9000 	C:\WINDOWS\System32\shcore.dll
0x00007ffd9cc80000 - 0x00007ffd9cfb6000 	C:\WINDOWS\System32\combase.dll
0x00007ffd7cfd0000 - 0x00007ffd7cff1000 	E:\xilliax\Vivado\2019.1\lib\win64.o\libboost_thread.dll
0x00007ffd8dd50000 - 0x00007ffd8dd5f000 	E:\xilliax\Vivado\2019.1\lib\win64.o\libboost_xilinx.dll
0x00007ffd9c550000 - 0x00007ffd9c5d0000 	C:\WINDOWS\System32\bcryptPrimitives.dll
0x00007ffd9b990000 - 0x00007ffd9c110000 	C:\WINDOWS\System32\windows.storage.dll
0x00007ffd71fd0000 - 0x00007ffd72052000 	E:\xilliax\Vivado\2019.1\lib\win64.o\libhdlpsolve.dll
0x00007ffd9b8d0000 - 0x00007ffd9b8f3000 	C:\WINDOWS\System32\profapi.dll
0x00007ffd5f170000 - 0x00007ffd5f215000 	E:\xilliax\Vivado\2019.1\lib\win64.o\libhdxml.dll
0x00007ffd9b900000 - 0x00007ffd9b94a000 	C:\WINDOWS\System32\powrprof.dll
0x00007ffd9b8c0000 - 0x00007ffd9b8d0000 	C:\WINDOWS\System32\UMPDC.dll
0x00007ffd9e5d0000 - 0x00007ffd9e622000 	C:\WINDOWS\System32\shlwapi.dll
0x00007ffd2c2f0000 - 0x00007ffd2ce9f400 	E:\xilliax\Vivado\2019.1\lib\win64.o\libisl_iostreams.dll
0x00007ffd9b970000 - 0x00007ffd9b981000 	C:\WINDOWS\System32\kernel.appcore.dll
0x00007ffd789f0000 - 0x00007ffd78a1e000 	E:\xilliax\Vivado\2019.1\lib\win64.o\libisl_sysinfo.dll
0x00007ffd9da40000 - 0x00007ffd9daaf000 	C:\WINDOWS\System32\WS2_32.dll
0x00007ffd9ca90000 - 0x00007ffd9caa7000 	C:\WINDOWS\System32\cryptsp.dll
0x00007ffd6fa30000 - 0x00007ffd6fa95000 	E:\xilliax\Vivado\2019.1\lib\win64.o\liblmx6.0.dll
0x00007ffd807c0000 - 0x00007ffd807da000 	E:\xilliax\Vivado\2019.1\lib\win64.o\pthreadVC2.dll
0x00007ffd4d450000 - 0x00007ffd4d571000 	E:\xilliax\Vivado\2019.1\lib\win64.o\librdi_commonxillic.dll
0x00007ffd78060000 - 0x00007ffd7807c000 	E:\xilliax\Vivado\2019.1\lib\win64.o\librdiconfig.dll
0x00007ffd77630000 - 0x00007ffd77651000 	E:\xilliax\Vivado\2019.1\lib\win64.o\librdizlib.dll
0x00000000590f0000 - 0x000000005921b000 	E:\xilliax\Vivado\2019.1\lib\win64.o\tcl85t.dll
0x0000000012000000 - 0x0000000012270000 	E:\xilliax\Vivado\2019.1\lib\win64.o\xerces-c_3_1.dll
0x00007ffd93030000 - 0x00007ffd93047000 	C:\WINDOWS\SYSTEM32\NETAPI32.dll
0x00007ffd8d7a0000 - 0x00007ffd8dc75000 	C:\WINDOWS\SYSTEM32\WININET.dll
0x00007ffd95a70000 - 0x00007ffd95b60000 	C:\WINDOWS\SYSTEM32\WINHTTP.dll
0x00007ffd8ee60000 - 0x00007ffd8f035000 	C:\WINDOWS\SYSTEM32\urlmon.dll
0x00007ffd87750000 - 0x00007ffd8775d000 	E:\xilliax\Vivado\2019.1\lib\win64.o\libboost_chrono.dll
0x00007ffd775a0000 - 0x00007ffd775bb000 	E:\xilliax\Vivado\2019.1\lib\win64.o\libboost_iostreams.dll
0x00007ffd74bf0000 - 0x00007ffd74c15000 	E:\xilliax\Vivado\2019.1\lib\win64.o\libisl_iosutils.dll
0x00007ffd8ff90000 - 0x00007ffd8ff99000 	C:\WINDOWS\SYSTEM32\WSOCK32.dll
0x00007ffd2b450000 - 0x00007ffd2c2e1000 	E:\xilliax\Vivado\2019.1\lib\win64.o\gurobi65.dll
0x00007ffd76000000 - 0x00007ffd76027000 	C:\WINDOWS\SYSTEM32\VCOMP140.DLL
0x00007ffd8ebb0000 - 0x00007ffd8ee56000 	C:\WINDOWS\SYSTEM32\iertutil.dll
0x00007ffd300c0000 - 0x00007ffd30398000 	E:\xilliax\Vivado\2019.1\lib\win64.o\libXil_lmgr11.dll
0x00007ffd9e430000 - 0x00007ffd9e500000 	C:\WINDOWS\System32\COMDLG32.dll
0x00007ffd9e500000 - 0x00007ffd9e5c4000 	C:\WINDOWS\System32\OLEAUT32.dll
0x00007ffd9b300000 - 0x00007ffd9b30c000 	C:\WINDOWS\SYSTEM32\CRYPTBASE.DLL
0x00007ffd8dc80000 - 0x00007ffd8dd29000 	C:\WINDOWS\WinSxS\amd64_microsoft.windows.common-controls_6595b64144ccf1df_5.82.18362.778_none_2a29d4a64667eb69\COMCTL32.dll
0x00007ffd9db80000 - 0x00007ffd9dcd7000 	C:\WINDOWS\System32\ole32.dll
0x00007ffd9c110000 - 0x00007ffd9c16c000 	C:\WINDOWS\System32\WINTRUST.dll
0x00007ffd9ae80000 - 0x00007ffd9ae8c000 	C:\WINDOWS\SYSTEM32\NETUTILS.DLL
0x00007ffd9b950000 - 0x00007ffd9b962000 	C:\WINDOWS\System32\MSASN1.dll
0x00007ffd9c940000 - 0x00007ffd9ca89000 	C:\WINDOWS\System32\CRYPT32.dll
0x00007ffd95b80000 - 0x00007ffd95b9c000 	C:\WINDOWS\SYSTEM32\dhcpcsvc.DLL
0x00007ffd9e860000 - 0x00007ffd9e868000 	C:\WINDOWS\System32\NSI.dll
0x00007ffd94f30000 - 0x00007ffd94f44000 	E:\xilliax\Vivado\2019.1\lib\win64.o\librdi_commonmain.dll
0x00007ffd97bf0000 - 0x00007ffd97bfa000 	E:\xilliax\Vivado\2019.1\lib\win64.o\librdi_commonversion.dll
0x00007ffd9e770000 - 0x00007ffd9e79e000 	C:\WINDOWS\System32\IMM32.DLL
0x00007ffd2e440000 - 0x00007ffd2e957000 	E:\xilliax\Vivado\2019.1\lib\win64.o\librdi_commontasks.dll
0x00007ffd97680000 - 0x00007ffd9768a000 	C:\WINDOWS\SYSTEM32\VERSION.dll
0x00007ffd2e1b0000 - 0x00007ffd2e436000 	E:\xilliax\Vivado\2019.1\lib\win64.o\librdi_sio.dll
0x00007ffd9ae40000 - 0x00007ffd9ae7a000 	C:\WINDOWS\SYSTEM32\IPHLPAPI.DLL
0x0000000058060000 - 0x0000000058a85000 	E:\xilliax\Vivado\2019.1\tps\win64\jre9.0.4\bin\server\jvm.dll
0x00007ffd9dac0000 - 0x00007ffd9dac8000 	C:\WINDOWS\System32\PSAPI.DLL
0x00007ffd90180000 - 0x00007ffd901a4000 	C:\WINDOWS\SYSTEM32\WINMM.dll
0x00007ffd90870000 - 0x00007ffd9095f000 	C:\WINDOWS\SYSTEM32\MSVCR120.dll
0x00007ffd90150000 - 0x00007ffd9017d000 	C:\WINDOWS\SYSTEM32\WINMMBASE.dll
0x00007ffd9b130000 - 0x00007ffd9b197000 	C:\WINDOWS\SYSTEM32\MSWSOCK.DLL
0x00007ffd28f90000 - 0x00007ffd2b44c000 	E:\xilliax\Vivado\2019.1\lib\win64.o\librdi_tcltasks.dll
0x00007ffd5e180000 - 0x00007ffd5e26b000 	E:\xilliax\Vivado\2019.1\lib\win64.o\librdi_chipscope.dll
0x00007ffd3ef30000 - 0x00007ffd3f0c1000 	E:\xilliax\Vivado\2019.1\lib\win64.o\librdi_board.dll
0x00007ffd28b80000 - 0x00007ffd28f88000 	E:\xilliax\Vivado\2019.1\lib\win64.o\librdi_bitstream.dll
0x00007ffd2fab0000 - 0x00007ffd2fc6d000 	E:\xilliax\Vivado\2019.1\lib\win64.o\librdi_chipscopeimpl.dll
0x00007ffd6e070000 - 0x00007ffd6e0e8000 	E:\xilliax\Vivado\2019.1\lib\win64.o\librdi_boarddep.dll
0x00007ffd3c180000 - 0x00007ffd3c2d6000 	E:\xilliax\Vivado\2019.1\lib\win64.o\librdi_containers.dll
0x00007ffd20ba0000 - 0x00007ffd2258a000 	E:\xilliax\Vivado\2019.1\lib\win64.o\librdi_constraints.dll
0x00007ffd22590000 - 0x00007ffd22c6a000 	E:\xilliax\Vivado\2019.1\lib\win64.o\librdi_coregenipxact.dll
0x00007ffd0e770000 - 0x00007ffd20b9c000 	E:\xilliax\Vivado\2019.1\lib\win64.o\librdi_device.dll
0x00007ffd22c70000 - 0x00007ffd26cb3000 	E:\xilliax\Vivado\2019.1\lib\win64.o\librdi_designutils.dll
0x00007ffd26cc0000 - 0x00007ffd28b71000 	E:\xilliax\Vivado\2019.1\lib\win64.o\librdi_coregen.dll
0x00007ffd30f40000 - 0x00007ffd3125e000 	E:\xilliax\Vivado\2019.1\lib\win64.o\librdi_dlyest.dll
0x00007ffd0dee0000 - 0x00007ffd0e47a000 	E:\xilliax\Vivado\2019.1\lib\win64.o\librdi_drc.dll
0x00007ffd4b3a0000 - 0x00007ffd4b464000 	E:\xilliax\Vivado\2019.1\lib\win64.o\librdi_dsp.dll
0x00007ffd0e480000 - 0x00007ffd0e763000 	E:\xilliax\Vivado\2019.1\lib\win64.o\librdi_guitools.dll
0x00007ffd5e630000 - 0x00007ffd5e695000 	E:\xilliax\Vivado\2019.1\lib\win64.o\librdi_hdf.dll
0x00007ffd0d8c0000 - 0x00007ffd0ded5000 	E:\xilliax\Vivado\2019.1\lib\win64.o\librdi_memdata.dll
0x00007ffd536a0000 - 0x00007ffd53713000 	E:\xilliax\Vivado\2019.1\lib\win64.o\librdi_memoryarray.dll
0x00007ffd0b600000 - 0x00007ffd0cbc0000 	E:\xilliax\Vivado\2019.1\lib\win64.o\librdi_implflow.dll
0x00007ffd0d270000 - 0x00007ffd0d8bd000 	E:\xilliax\Vivado\2019.1\lib\win64.o\librdi_filemgmt.dll
0x00007ffd6e960000 - 0x00007ffd6e9ab000 	E:\xilliax\Vivado\2019.1\lib\win64.o\librdi_pfi.dll
0x00007ffd08910000 - 0x00007ffd0b5f6000 	E:\xilliax\Vivado\2019.1\lib\win64.o\librdi_mig.dll
0x00007ffd0cbc0000 - 0x00007ffd0d262000 	E:\xilliax\Vivado\2019.1\lib\win64.o\librdi_netlist.dll
0x00007ffd08600000 - 0x00007ffd0890f000 	E:\xilliax\Vivado\2019.1\lib\win64.o\librdi_platform.dll
0x00007ffd07eb0000 - 0x00007ffd085fa000 	E:\xilliax\Vivado\2019.1\lib\win64.o\librdi_power.dll
0x00007ffd04090000 - 0x00007ffd04796000 	E:\xilliax\Vivado\2019.1\lib\win64.o\librdi_rsb.dll
0x00007ffd04ba0000 - 0x00007ffd052a9000 	E:\xilliax\Vivado\2019.1\lib\win64.o\librdi_psta.dll
0x00007ffd05830000 - 0x00007ffd07ea6000 	E:\xilliax\Vivado\2019.1\lib\win64.o\librdi_place.dll
0x00007ffd052b0000 - 0x00007ffd0582f000 	E:\xilliax\Vivado\2019.1\lib\win64.o\librdi_project.dll
0x00007ffd3f9c0000 - 0x00007ffd3faba000 	E:\xilliax\Vivado\2019.1\lib\win64.o\librdi_runsbase.dll
0x00007ffd047a0000 - 0x00007ffd04b91000 	E:\xilliax\Vivado\2019.1\lib\win64.o\librdi_runs.dll
0x00007ffd03e30000 - 0x00007ffd04086000 	E:\xilliax\Vivado\2019.1\lib\win64.o\librdi_simdata.dll
0x00007ffd68ff0000 - 0x00007ffd6903c000 	E:\xilliax\Vivado\2019.1\lib\win64.o\libboost_serialization.dll
0x00007ffd2ece0000 - 0x00007ffd2ee52000 	E:\xilliax\Vivado\2019.1\lib\win64.o\librdi_advchipscopeimpl.dll
0x00007ffd02320000 - 0x00007ffd024bf000 	E:\xilliax\Vivado\2019.1\lib\win64.o\librdi_hip_devdesign.dll
0x00007ffd679c0000 - 0x00007ffd67a03000 	E:\xilliax\Vivado\2019.1\lib\win64.o\librdi_noc_frameworks.dll
0x00007ffd024c0000 - 0x00007ffd03007000 	E:\xilliax\Vivado\2019.1\lib\win64.o\libverific.dll
0x00007ffd41240000 - 0x00007ffd41302000 	E:\xilliax\Vivado\2019.1\lib\win64.o\librdi_ipconfig_readwrite.dll
0x00007ffd03010000 - 0x00007ffd03e21000 	E:\xilliax\Vivado\2019.1\lib\win64.o\librdi_timing.dll
0x00007ffd01f30000 - 0x00007ffd02315000 	E:\xilliax\Vivado\2019.1\lib\win64.o\librdi_hip_config.dll
0x00007ffd4da30000 - 0x00007ffd4dace000 	E:\xilliax\Vivado\2019.1\lib\win64.o\libise.dll

VM Arguments:
jvm_args: -Dsun.java2d.pmoffscreen=false -Dsun.java2d.xrender=false -Dsun.java2d.d3d=false -Dsun.awt.nopixfmt=true -Dsun.java2d.dpiaware=true -Dsun.java2d.uiScale.enabled=false -Xverify:none -Dswing.aatext=true -XX:-UsePerfData -Djdk.map.althashing.threshold=512 -XX:StringTableSize=4072 --add-opens=java.base/java.nio=ALL-UNNAMED --add-opens=java.desktop/sun.swing=ALL-UNNAMED --add-opens=java.desktop/javax.swing=ALL-UNNAMED --add-opens=java.desktop/javax.swing.tree=ALL-UNNAMED --add-opens=java.desktop/javax.swing.plaf.basic=ALL-UNNAMED --add-opens=java.desktop/javax.swing.plaf.synth=ALL-UNNAMED --add-opens=java.desktop/com.sun.awt=ALL-UNNAMED -XX:NewSize=60m -XX:MaxNewSize=60m -Xms128m -Xmx3072m -Xss5m 
java_command: <unknown>
java_class_path (initial): E:/xilliax/Vivado/2019.1\lib\classes\alloy.jar;E:/xilliax/Vivado/2019.1\lib\classes\autopilot.scelaborator.jar;E:/xilliax/Vivado/2019.1\lib\classes\autopilot.sourceprocessor.jar;E:/xilliax/Vivado/2019.1\lib\classes\autopilot.tbprocessor.jar;E:/xilliax/Vivado/2019.1\lib\classes\batik-anim.jar;E:/xilliax/Vivado/2019.1\lib\classes\batik-awt-util.jar;E:/xilliax/Vivado/2019.1\lib\classes\batik-bridge.jar;E:/xilliax/Vivado/2019.1\lib\classes\batik-codec.jar;E:/xilliax/Vivado/2019.1\lib\classes\batik-css.jar;E:/xilliax/Vivado/2019.1\lib\classes\batik-dom.jar;E:/xilliax/Vivado/2019.1\lib\classes\batik-ext.jar;E:/xilliax/Vivado/2019.1\lib\classes\batik-gui-util.jar;E:/xilliax/Vivado/2019.1\lib\classes\batik-gvt.jar;E:/xilliax/Vivado/2019.1\lib\classes\batik-parser.jar;E:/xilliax/Vivado/2019.1\lib\classes\batik-script.jar;E:/xilliax/Vivado/2019.1\lib\classes\batik-svg-dom.jar;E:/xilliax/Vivado/2019.1\lib\classes\batik-swing.jar;E:/xilliax/Vivado/2019.1\lib\classes\batik-transcoder.jar;E:/xilliax/Vivado/2019.1\lib\classes\batik-util.jar;E:/xilliax/Vivado/2019.1\lib\classes\batik-xml.jar;E:/xilliax/Vivado/2019.1\lib\classes\com.google.gson_2.7.0.v20170129-0911.jar;E:/xilliax/Vivado/2019.1\lib\classes\com.google.guava_21.0.0.v20170206-1425.jar;E:/xilliax/Vivado/2019.1\lib\classes\com.google.inject_3.0.0.v201605172100.jar;E:/xilliax/Vivado/2019.1\lib\classes\com.ibm.icu_4.4.2.v20110208.jar;E:/xilliax/Vivado/2019.1\lib\classes\com.sigasi.hdt.annotations.runtime_4.3.0.201903071210.jar;E:/xilliax/Vivado/2019.1\lib\classes\com.sigasi.hdt.blockdiagram.model_4.3.0.201903071210.jar;E:/xilliax/Vivado/2019.1\lib\classes\com.sigasi.hdt.connection_4.3.0.201903071210.jar;E:/xilliax/Vivado/2019.1\lib\classes\com.sigasi.hdt.dependencies.model_4.3.0.201903071210.jar;E:/xilliax/Vivado/2019.1\lib\classes\com.sigasi.hdt.epl_4.3.0.201903071210.jar;E:/xilliax/Vivado/2019.1\lib\classes\com.sigasi.hdt.graphics.model_4.3.0.201903071210.jar;E:/xilliax/Vivado/2019.1\lib\class
Launcher Type: generic

Logging:
Log output configuration:
#0: stdout all=warning uptime,level,tags
#1: stderr all=off uptime,level,tags

Environment Variables:
PATH=E:/xilliax/Vivado/2019.1/bin;E:/xilliax/Vivado/2019.1/lib/win64.o;E:/xilliax/Vivado/2019.1/tps/win64/jre9.0.4/bin/server;E:/xilliax/Vivado/2019.1/tps/win64/jre9.0.4/bin;E:/xilliax/SDK/2019.1/bin;E:/xilliax/Vivado/2019.1/ids_lite/ISE/bin/nt64;E:/xilliax/Vivado/2019.1/ids_lite/ISE/lib/nt64;C:\Program Files (x86)\ActiveState Komodo IDE 8\;C:\Program Files (x86)\Common Files\Oracle\Java\javapath;C:\ProgramData\Oracle\Java\javapath;C:\WINDOWS\system32;C:\WINDOWS;C:\WINDOWS\System32\Wbem;C:\WINDOWS\System32\WindowsPowerShell\v1.0\;C:\Program Files (x86)\NVIDIA Corporation\PhysX\Common;C:\Users\OmarMahdy\.dnx\bin;C:\Program Files\Microsoft DNX\Dnvm\;C:\Program Files\Microsoft SQL Server\130\Tools\Binn\;C:\WINDOWS\System32\OpenSSH\;C:\Program Files\dotnet\;C:\Program Files\NVIDIA Corporation\NVIDIA NvDLISR;C:\Program Files\Java\jdk-9\bin;C:\Users\OmarMahdy\AppData\Local\Microsoft\WindowsApps;%DASHLANE_DLL_DIR%;;E:/xilliax/Vivado/2019.1\tps\mingw\6.2.0\win64.o\nt\bin;E:/xilliax/Vivado/2019.1\tps\mingw\6.2.0\win64.o\nt\libexec\gcc\x86_64-w64-mingw32\6.2.0;E:/xilliax/Vivado/2019.1\tps\win64\python-2.7.5;E:/xilliax/Vivado/2019.1\tps\win64\python-2.7.5\lib;E:/xilliax/Vivado/2019.1\tps\win64\python-2.7.5\Lib\lib-tk;E:/xilliax/Vivado/2019.1\tps\win64\python-2.7.5\lib\site-packages
USERNAME=OmarMahdy
OS=Windows_NT
PROCESSOR_IDENTIFIER=Intel64 Family 6 Model 60 Stepping 3, GenuineIntel



---------------  S Y S T E M  ---------------

OS: Windows 10 , 64 bit Build 18362 (10.0.18362.778)

CPU:total 8 (initial active 8) (4 cores per cpu, 2 threads per core) family 6 model 60 stepping 3, cmov, cx8, fxsr, mmx, sse, sse2, sse3, ssse3, sse4.1, sse4.2, popcnt, avx, avx2, aes, clmul, erms, lzcnt, ht, tsc, tscinvbit, bmi1, bmi2, fma

Memory: 4k page, physical 16724868k(8380820k free), swap 28259204k(12266896k free)

vm_info: Java HotSpot(TM) 64-Bit Server VM (9.0.4+11) for windows-amd64 JRE (9.0.4+11), built on Dec 20 2017 02:18:54 by "mach5one" with MS VC++ 12.0 (VS2013)

END.
